2019-11-21 00:06:15,914 — TAA — INFO — hedging_live.py:51 — Logger Initialized.
2019-11-21 00:06:23,863 — TAA — INFO — taa_base.py:77 — Current Cash: 78.07 USD
2019-11-21 00:06:23,863 — TAA — INFO — taa_base.py:78 — Portfolio Value: 5152.23 USD
2019-11-21 00:06:23,870 — TAA — INFO — taa_base.py:79 — Account Position Info:
            holdingPosition
iuid                       
US_10_AGG               5.0
US_10_ASHR              9.0
US_10_EMB               2.0
US_10_GLD               1.0
US_10_HYG               3.0
US_10_INDA              3.0
US_10_JPST             13.0
US_10_QQQ               1.0
US_10_SCHF             20.0
US_10_VB                2.0
US_10_VTI               6.0
US_10_VTIP              3.0
US_10_VWO               6.0
US_10_VXX              12.0
US_10_XLE               2.0
2019-11-21 00:07:34,249 — TAA — INFO — hedging_live.py:51 — Logger Initialized.
2019-11-21 00:07:40,659 — TAA — INFO — taa_base.py:77 — Current Cash: 78.07 USD
2019-11-21 00:07:40,659 — TAA — INFO — taa_base.py:78 — Portfolio Value: 5152.49 USD
2019-11-21 00:07:40,669 — TAA — INFO — taa_base.py:79 — Account Position Info:
            holdingPosition
iuid                       
US_10_AGG               5.0
US_10_ASHR              9.0
US_10_EMB               2.0
US_10_GLD               1.0
US_10_HYG               3.0
US_10_INDA              3.0
US_10_JPST             13.0
US_10_QQQ               1.0
US_10_SCHF             20.0
US_10_VB                2.0
US_10_VTI               6.0
US_10_VTIP              3.0
US_10_VWO               6.0
US_10_VXX              12.0
US_10_XLE               2.0
2019-11-21 00:07:44,603 — TAA — INFO — hedging_live.py:80 — Hedging Info:
futures_level      15.15
entry            15.6888
exit             20.6965
status           HEDGING
action              NONE
2019-11-21 00:07:44,603 — TAA — INFO — hedging_live.py:83 — No trading signal.
2019-11-21 00:37:51,085 — TAA — INFO — taa_base.py:77 — Current Cash: 78.07 USD
2019-11-21 00:37:51,086 — TAA — INFO — taa_base.py:78 — Portfolio Value: 5151.17 USD
2019-11-21 00:37:51,094 — TAA — INFO — taa_base.py:79 — Account Position Info:
            holdingPosition
iuid                       
US_10_AGG               5.0
US_10_ASHR              9.0
US_10_ASHR              9.0
US_10_EMB               2.0
US_10_GLD               1.0
US_10_HYG               3.0
US_10_INDA              3.0
US_10_JPST             13.0
US_10_QQQ               1.0
US_10_SCHF             20.0
US_10_VB                2.0
US_10_VTI               6.0
US_10_VTIP              3.0
US_10_VWO               6.0
US_10_VXX              12.0
US_10_XLE               2.0
2019-11-21 00:37:52,257 — TAA — INFO — hedging_live.py:80 — Hedging Info:
futures_level      15.18
entry            15.6888
exit             20.6965
status           HEDGING
action              NONE
2019-11-21 00:37:52,258 — TAA — INFO — hedging_live.py:83 — No trading signal.
2019-11-21 01:07:58,739 — TAA — INFO — taa_base.py:77 — Current Cash: 78.07 USD
2019-11-21 01:07:58,740 — TAA — INFO — taa_base.py:78 — Portfolio Value: 5149.86 USD
2019-11-21 01:07:58,747 — TAA — INFO — taa_base.py:79 — Account Position Info:
            holdingPosition
iuid                       
US_10_AGG               5.0
US_10_ASHR              9.0
US_10_EMB               2.0
US_10_GLD               1.0
US_10_HYG               3.0
US_10_INDA              3.0
US_10_JPST             13.0
US_10_QQQ               1.0
US_10_SCHF             20.0
US_10_VB                2.0
US_10_VTI               6.0
US_10_VTIP              3.0
US_10_VWO               6.0
US_10_VXX              12.0
US_10_XLE               2.0
2019-11-21 01:08:00,051 — TAA — INFO — hedging_live.py:80 — Hedging Info:
futures_level      15.23
entry            15.6888
exit             20.6965
status           HEDGING
action              NONE
2019-11-21 01:08:00,051 — TAA — INFO — hedging_live.py:83 — No trading signal.
2019-11-21 01:38:06,483 — TAA — INFO — taa_base.py:77 — Current Cash: 78.07 USD
2019-11-21 01:38:06,484 — TAA — INFO — taa_base.py:78 — Portfolio Value: 5149.27 USD
2019-11-21 01:38:06,488 — TAA — INFO — taa_base.py:79 — Account Position Info:
            holdingPosition
iuid                       
US_10_AGG               5.0
US_10_ASHR              9.0
US_10_EMB               2.0
US_10_GLD               1.0
US_10_HYG               3.0
US_10_INDA              3.0
US_10_JPST             13.0
US_10_QQQ               1.0
US_10_SCHF             20.0
US_10_VB                2.0
US_10_VTI               6.0
US_10_VTIP              3.0
US_10_VWO               6.0
US_10_VXX              12.0
US_10_XLE               2.0
2019-11-21 01:38:07,620 — TAA — INFO — hedging_live.py:80 — Hedging Info:
futures_level       15.1
entry            15.6888
exit             20.6965
status           HEDGING
action              NONE
2019-11-21 01:38:07,620 — TAA — INFO — hedging_live.py:83 — No trading signal.
2019-11-21 02:08:14,080 — TAA — INFO — taa_base.py:77 — Current Cash: 78.07 USD
2019-11-21 02:08:14,080 — TAA — INFO — taa_base.py:78 — Portfolio Value: 5141.5 USD
2019-11-21 02:08:14,083 — TAA — INFO — taa_base.py:79 — Account Position Info:
            holdingPosition
iuid                       
US_10_AGG               5.0
US_10_ASHR              9.0
US_10_EMB               2.0
US_10_GLD               1.0
US_10_HYG               3.0
US_10_INDA              3.0
US_10_JPST             13.0
US_10_QQQ               1.0
US_10_SCHF             20.0
US_10_VB                2.0
US_10_VTI               6.0
US_10_VTIP              3.0
US_10_VWO               6.0
US_10_VXX              12.0
US_10_XLE               2.0
2019-11-21 02:08:15,222 — TAA — INFO — hedging_live.py:80 — Hedging Info:
futures_level      15.55
entry            15.6888
exit             20.6965
status           HEDGING
action              NONE
2019-11-21 02:08:15,222 — TAA — INFO — hedging_live.py:83 — No trading signal.
2019-11-21 02:38:21,624 — TAA — INFO — taa_base.py:77 — Current Cash: 78.07 USD
2019-11-21 02:38:21,625 — TAA — INFO — taa_base.py:78 — Portfolio Value: 5140.23 USD
2019-11-21 02:38:21,631 — TAA — INFO — taa_base.py:79 — Account Position Info:
            holdingPosition
iuid                       
US_10_AGG               5.0
US_10_ASHR              9.0
US_10_EMB               2.0
US_10_GLD               1.0
US_10_HYG               3.0
US_10_INDA              3.0
US_10_JPST             13.0
US_10_QQQ               1.0
US_10_SCHF             20.0
US_10_VB                2.0
US_10_VTI               6.0
US_10_VTIP              3.0
US_10_VWO               6.0
US_10_VXX              12.0
US_10_XLE               2.0
2019-11-21 02:38:22,779 — TAA — INFO — hedging_live.py:80 — Hedging Info:
futures_level      15.63
entry            15.6888
exit             20.6965
status           HEDGING
action              NONE
2019-11-21 02:38:22,779 — TAA — INFO — hedging_live.py:83 — No trading signal.
2019-11-21 03:08:29,255 — TAA — INFO — taa_base.py:77 — Current Cash: 78.07 USD
2019-11-21 03:08:29,256 — TAA — INFO — taa_base.py:78 — Portfolio Value: 5142.64 USD
2019-11-21 03:08:29,263 — TAA — INFO — taa_base.py:79 — Account Position Info:
            holdingPosition
iuid                       
US_10_AGG               5.0
US_10_ASHR              9.0
US_10_EMB               2.0
US_10_GLD               1.0
US_10_HYG               3.0
US_10_INDA              3.0
US_10_JPST             13.0
US_10_JPST             13.0
US_10_QQQ               1.0
US_10_SCHF             20.0
US_10_VB                2.0
US_10_VTI               6.0
US_10_VTIP              3.0
US_10_VWO               6.0
US_10_VXX              12.0
US_10_XLE               2.0
2019-11-21 03:08:30,541 — TAA — INFO — hedging_live.py:80 — Hedging Info:
futures_level      15.57
entry            15.6888
exit             20.6965
status           HEDGING
action              NONE
2019-11-21 03:08:30,541 — TAA — INFO — hedging_live.py:83 — No trading signal.
2019-11-21 03:38:37,007 — TAA — INFO — taa_base.py:77 — Current Cash: 78.07 USD
2019-11-21 03:38:37,008 — TAA — INFO — taa_base.py:78 — Portfolio Value: 5144.61 USD
2019-11-21 03:38:37,019 — TAA — INFO — taa_base.py:79 — Account Position Info:
            holdingPosition
iuid                       
US_10_AGG               5.0
US_10_ASHR              9.0
US_10_EMB               2.0
US_10_GLD               1.0
US_10_HYG               3.0
US_10_INDA              3.0
US_10_JPST             13.0
US_10_QQQ               1.0
US_10_SCHF             20.0
US_10_VB                2.0
US_10_VTI               6.0
US_10_VTIP              3.0
US_10_VWO               6.0
US_10_VXX              12.0
US_10_XLE               2.0
2019-11-21 03:38:38,399 — TAA — INFO — hedging_live.py:80 — Hedging Info:
futures_level      15.35
entry            15.6888
exit             20.6965
status           HEDGING
action              NONE
2019-11-21 03:38:38,400 — TAA — INFO — hedging_live.py:83 — No trading signal.
2019-11-21 04:08:44,835 — TAA — INFO — taa_base.py:77 — Current Cash: 78.07 USD
2019-11-21 04:08:44,836 — TAA — INFO — taa_base.py:78 — Portfolio Value: 5144.24 USD
2019-11-21 04:08:44,843 — TAA — INFO — taa_base.py:79 — Account Position Info:
            holdingPosition
iuid                       
US_10_AGG               5.0
US_10_ASHR              9.0
US_10_EMB               2.0
US_10_GLD               1.0
US_10_HYG               3.0
US_10_INDA              3.0
US_10_JPST             13.0
US_10_QQQ               1.0
US_10_SCHF             20.0
US_10_VB                2.0
US_10_VTI               6.0
US_10_VTIP              3.0
US_10_VWO               6.0
US_10_VXX              12.0
US_10_XLE               2.0
2019-11-21 04:08:46,078 — TAA — INFO — hedging_live.py:80 — Hedging Info:
futures_level      15.33
entry            15.6888
exit             20.6965
status           HEDGING
action              NONE
2019-11-21 04:08:46,078 — TAA — INFO — hedging_live.py:83 — No trading signal.
2019-11-21 04:38:52,498 — TAA — INFO — taa_base.py:77 — Current Cash: 78.07 USD
2019-11-21 04:38:52,498 — TAA — INFO — taa_base.py:78 — Portfolio Value: 5144.41 USD
2019-11-21 04:38:52,505 — TAA — INFO — taa_base.py:79 — Account Position Info:
            holdingPosition
iuid                       
US_10_AGG               5.0
US_10_ASHR              9.0
US_10_EMB               2.0
US_10_GLD               1.0
US_10_HYG               3.0
US_10_INDA              3.0
US_10_JPST             13.0
US_10_QQQ               1.0
US_10_SCHF             20.0
US_10_VB                2.0
US_10_VTI               6.0
US_10_VTIP              3.0
US_10_VWO               6.0
US_10_VXX              12.0
US_10_XLE               2.0
2019-11-21 04:38:53,838 — TAA — INFO — hedging_live.py:80 — Hedging Info:
futures_level      15.41
entry            15.6888
exit             20.6965
status           HEDGING
action              NONE
2019-11-21 04:38:53,838 — TAA — INFO — hedging_live.py:83 — No trading signal.
2019-11-21 05:08:53,839 — TAA — INFO — main.py:33 — Market close.
2019-11-21 06:08:53,840 — TAA — INFO — main.py:33 — Market close.
2019-11-21 07:08:53,840 — TAA — INFO — main.py:33 — Market close.
2019-11-21 08:08:53,842 — TAA — INFO — main.py:33 — Market close.
2019-11-21 22:04:05,594 — TAA — INFO — hedging_live.py:51 — Logger Initialized.
2019-11-21 22:04:05,679 — TAA — INFO — main.py:33 — Market close.
2019-11-21 22:37:40,092 — TAA — INFO — hedging_live.py:51 — Logger Initialized.
2019-11-21 22:37:46,903 — TAA — INFO — taa_base.py:77 — Current Cash: 78.07 USD
2019-11-21 22:37:46,904 — TAA — INFO — taa_base.py:78 — Portfolio Value: 5139.7 USD
2019-11-21 22:37:46,910 — TAA — INFO — taa_base.py:79 — Account Position Info:
            holdingPosition
iuid                       
US_10_AGG               5.0
US_10_ASHR              9.0
US_10_EMB               2.0
US_10_GLD               1.0
US_10_HYG               3.0
US_10_INDA              3.0
US_10_JPST             13.0
US_10_QQQ               1.0
US_10_SCHF             20.0
US_10_VB                2.0
US_10_VTI               6.0
US_10_VTIP              3.0
US_10_VWO               6.0
US_10_VXX              12.0
US_10_XLE               2.0
2019-11-21 22:37:48,149 — TAA — INFO — hedging_live.py:80 — Hedging Info:
futures_level      15.35
entry            15.6888
exit             20.6965
status           HEDGING
action              NONE
2019-11-21 22:37:48,150 — TAA — INFO — hedging_live.py:83 — No trading signal.
2019-11-21 23:07:54,969 — TAA — INFO — taa_base.py:77 — Current Cash: 78.07 USD
2019-11-21 23:07:54,969 — TAA — INFO — taa_base.py:78 — Portfolio Value: 5141.5 USD
2019-11-21 23:07:54,976 — TAA — INFO — taa_base.py:79 — Account Position Info:
            holdingPosition
iuid                       
US_10_AGG               5.0
US_10_ASHR              9.0
US_10_EMB               2.0
US_10_GLD               1.0
US_10_HYG               3.0
US_10_INDA              3.0
US_10_JPST             13.0
US_10_QQQ               1.0
US_10_SCHF             20.0
US_10_VB                2.0
US_10_VTI               6.0
US_10_VTIP              3.0
US_10_VWO               6.0
US_10_VXX              12.0
US_10_XLE               2.0
2019-11-21 23:07:56,171 — TAA — INFO — hedging_live.py:80 — Hedging Info:
futures_level       15.4
entry            15.6888
exit             20.6965
status           HEDGING
action              NONE
2019-11-21 23:07:56,171 — TAA — INFO — hedging_live.py:83 — No trading signal.
2019-11-21 23:38:02,992 — TAA — INFO — taa_base.py:77 — Current Cash: 78.07 USD
2019-11-21 23:38:02,992 — TAA — INFO — taa_base.py:78 — Portfolio Value: 5137.51 USD
2019-11-21 23:38:03,000 — TAA — INFO — taa_base.py:79 — Account Position Info:
            holdingPosition
iuid                       
US_10_AGG               5.0
US_10_ASHR              9.0
US_10_EMB               2.0
US_10_GLD               1.0
US_10_HYG               3.0
US_10_INDA              3.0
US_10_JPST             13.0
US_10_QQQ               1.0
US_10_SCHF             20.0
US_10_VB                2.0
US_10_VTI               6.0
US_10_VTIP              3.0
US_10_VWO               6.0
US_10_VXX              12.0
US_10_XLE               2.0
2019-11-21 23:38:04,158 — TAA — INFO — hedging_live.py:80 — Hedging Info:
futures_level      15.55
entry            15.6888
exit             20.6965
status           HEDGING
action              NONE
2019-11-21 23:38:04,158 — TAA — INFO — hedging_live.py:83 — No trading signal.
2019-11-22 00:08:10,953 — TAA — INFO — taa_base.py:77 — Current Cash: 78.07 USD
2019-11-22 00:08:10,954 — TAA — INFO — taa_base.py:78 — Portfolio Value: 5139.85 USD
2019-11-22 00:08:10,957 — TAA — INFO — taa_base.py:79 — Account Position Info:
            holdingPosition
iuid                       
US_10_AGG               5.0
US_10_ASHR              9.0
US_10_EMB               2.0
US_10_GLD               1.0
US_10_HYG               3.0
US_10_INDA              3.0
US_10_JPST             13.0
US_10_QQQ               1.0
US_10_SCHF             20.0
US_10_VB                2.0
US_10_VTI               6.0
US_10_VTIP              3.0
US_10_VWO               6.0
US_10_VXX              12.0
US_10_XLE               2.0
2019-11-22 00:08:13,274 — TAA — INFO — hedging_live.py:80 — Hedging Info:
futures_level      15.35
entry            15.6821
exit             20.6965
status           HEDGING
action              NONE
2019-11-22 00:08:13,275 — TAA — INFO — hedging_live.py:83 — No trading signal.
2019-11-22 00:38:19,976 — TAA — INFO — taa_base.py:77 — Current Cash: 78.07 USD
2019-11-22 00:38:19,977 — TAA — INFO — taa_base.py:78 — Portfolio Value: 5137.54 USD
2019-11-22 00:38:19,983 — TAA — INFO — taa_base.py:79 — Account Position Info:
            holdingPosition
iuid                       
US_10_AGG               5.0
US_10_ASHR              9.0
US_10_EMB               2.0
US_10_GLD               1.0
US_10_HYG               3.0
US_10_INDA              3.0
US_10_JPST             13.0
US_10_QQQ               1.0
US_10_SCHF             20.0
US_10_VB                2.0
US_10_VTI               6.0
US_10_VTIP              3.0
US_10_VWO               6.0
US_10_VXX              12.0
US_10_XLE               2.0
2019-11-22 00:38:21,195 — TAA — INFO — hedging_live.py:80 — Hedging Info:
futures_level       15.5
entry            15.6821
exit             20.6965
status           HEDGING
action              NONE
2019-11-22 00:38:21,195 — TAA — INFO — hedging_live.py:83 — No trading signal.
2019-11-22 01:08:27,936 — TAA — INFO — taa_base.py:77 — Current Cash: 78.07 USD
2019-11-22 01:08:27,937 — TAA — INFO — taa_base.py:78 — Portfolio Value: 5138.36 USD
2019-11-22 01:08:27,944 — TAA — INFO — taa_base.py:79 — Account Position Info:
            holdingPosition
iuid                       
US_10_AGG               5.0
US_10_ASHR              9.0
US_10_EMB               2.0
US_10_GLD               1.0
US_10_HYG               3.0
US_10_INDA              3.0
US_10_JPST             13.0
US_10_QQQ               1.0
US_10_SCHF             20.0
US_10_VB                2.0
US_10_VTI               6.0
US_10_VTIP              3.0
US_10_VWO               6.0
US_10_VXX              12.0
US_10_XLE               2.0
2019-11-22 01:08:29,182 — TAA — INFO — hedging_live.py:80 — Hedging Info:
futures_level      15.41
entry            15.6821
exit             20.6965
status           HEDGING
action              NONE
2019-11-22 01:08:29,182 — TAA — INFO — hedging_live.py:83 — No trading signal.
2019-11-22 01:38:35,838 — TAA — INFO — taa_base.py:77 — Current Cash: 78.07 USD
2019-11-22 01:38:35,839 — TAA — INFO — taa_base.py:78 — Portfolio Value: 5139.21 USD
2019-11-22 01:38:35,845 — TAA — INFO — taa_base.py:79 — Account Position Info:
            holdingPosition
iuid                       
US_10_AGG               5.0
US_10_ASHR              9.0
US_10_EMB               2.0
US_10_GLD               1.0
US_10_HYG               3.0
US_10_INDA              3.0
US_10_JPST             13.0
US_10_QQQ               1.0
US_10_SCHF             20.0
US_10_VB                2.0
US_10_VTI               6.0
US_10_VTIP              3.0
US_10_VWO               6.0
US_10_VXX              12.0
US_10_XLE               2.0
2019-11-22 01:38:37,031 — TAA — INFO — hedging_live.py:80 — Hedging Info:
futures_level      15.31
entry            15.6821
exit             20.6965
status           HEDGING
action              NONE
2019-11-22 01:38:37,031 — TAA — INFO — hedging_live.py:83 — No trading signal.
2019-11-22 02:08:43,908 — TAA — INFO — taa_base.py:77 — Current Cash: 78.07 USD
2019-11-22 02:08:43,909 — TAA — INFO — taa_base.py:78 — Portfolio Value: 5140.19 USD
2019-11-22 02:08:43,916 — TAA — INFO — taa_base.py:79 — Account Position Info:
            holdingPosition
iuid                       
US_10_AGG               5.0
US_10_ASHR              9.0
US_10_EMB               2.0
US_10_GLD               1.0
US_10_HYG               3.0
US_10_INDA              3.0
US_10_JPST             13.0
US_10_QQQ               1.0
US_10_SCHF             20.0
US_10_VB                2.0
US_10_VTI               6.0
US_10_VTIP              3.0
US_10_VWO               6.0
US_10_VXX              12.0
US_10_XLE               2.0
2019-11-22 02:08:45,135 — TAA — INFO — hedging_live.py:80 — Hedging Info:
futures_level      15.31
entry            15.6821
exit             20.6965
status           HEDGING
action              NONE
2019-11-22 02:08:45,135 — TAA — INFO — hedging_live.py:83 — No trading signal.
2019-11-22 02:38:51,809 — TAA — INFO — taa_base.py:77 — Current Cash: 78.07 USD
2019-11-22 02:38:51,809 — TAA — INFO — taa_base.py:78 — Portfolio Value: 5139.65 USD
2019-11-22 02:38:51,813 — TAA — INFO — taa_base.py:79 — Account Position Info:
            holdingPosition
iuid                       
US_10_AGG               5.0
US_10_ASHR              9.0
US_10_EMB               2.0
US_10_GLD               1.0
US_10_HYG               3.0
US_10_INDA              3.0
US_10_JPST             13.0
US_10_QQQ               1.0
US_10_SCHF             20.0
US_10_VB                2.0
US_10_VTI               6.0
US_10_VTIP              3.0
US_10_VWO               6.0
US_10_VXX              12.0
US_10_XLE               2.0
2019-11-22 02:38:53,000 — TAA — INFO — hedging_live.py:80 — Hedging Info:
futures_level       15.4
entry            15.6821
exit             20.6965
status           HEDGING
action              NONE
2019-11-22 02:38:53,000 — TAA — INFO — hedging_live.py:83 — No trading signal.
2019-11-22 03:08:59,742 — TAA — INFO — taa_base.py:77 — Current Cash: 78.07 USD
2019-11-22 03:08:59,742 — TAA — INFO — taa_base.py:78 — Portfolio Value: 5140.54 USD
2019-11-22 03:08:59,749 — TAA — INFO — taa_base.py:79 — Account Position Info:
            holdingPosition
iuid                       
US_10_AGG               5.0
US_10_ASHR              9.0
US_10_EMB               2.0
US_10_GLD               1.0
US_10_HYG               3.0
US_10_INDA              3.0
US_10_JPST             13.0
US_10_QQQ               1.0
US_10_SCHF             20.0
US_10_VB                2.0
US_10_VTI               6.0
US_10_VTIP              3.0
US_10_VWO               6.0
US_10_VXX              12.0
US_10_XLE               2.0
2019-11-22 03:09:00,960 — TAA — INFO — hedging_live.py:80 — Hedging Info:
futures_level      15.32
entry            15.6821
exit             20.6965
status           HEDGING
action              NONE
2019-11-22 03:09:00,960 — TAA — INFO — hedging_live.py:83 — No trading signal.
2019-11-22 03:39:07,673 — TAA — INFO — taa_base.py:77 — Current Cash: 78.07 USD
2019-11-22 03:39:07,673 — TAA — INFO — taa_base.py:78 — Portfolio Value: 5142.01 USD
2019-11-22 03:39:07,681 — TAA — INFO — taa_base.py:79 — Account Position Info:
            holdingPosition
iuid                       
US_10_AGG               5.0
US_10_ASHR              9.0
US_10_EMB               2.0
US_10_GLD               1.0
US_10_HYG               3.0
US_10_INDA              3.0
US_10_JPST             13.0
US_10_QQQ               1.0
US_10_SCHF             20.0
US_10_VB                2.0
US_10_VTI               6.0
US_10_VTIP              3.0
US_10_VWO               6.0
US_10_VXX              12.0
US_10_XLE               2.0
2019-11-22 03:39:08,877 — TAA — INFO — hedging_live.py:80 — Hedging Info:
futures_level      15.28
entry            15.6821
exit             20.6965
status           HEDGING
action              NONE
2019-11-22 03:39:08,877 — TAA — INFO — hedging_live.py:83 — No trading signal.
2019-11-22 04:09:15,576 — TAA — INFO — taa_base.py:77 — Current Cash: 78.07 USD
2019-11-22 04:09:15,577 — TAA — INFO — taa_base.py:78 — Portfolio Value: 5141.38 USD
2019-11-22 04:09:15,578 — TAA — INFO — taa_base.py:79 — Account Position Info:
            holdingPosition
iuid                       
US_10_AGG               5.0
US_10_ASHR              9.0
US_10_EMB               2.0
US_10_GLD               1.0
US_10_HYG               3.0
US_10_INDA              3.0
US_10_JPST             13.0
US_10_QQQ               1.0
US_10_SCHF             20.0
US_10_VB                2.0
US_10_VTI               6.0
US_10_VTIP              3.0
US_10_VWO               6.0
US_10_VXX              12.0
US_10_XLE               2.0
2019-11-22 04:09:16,762 — TAA — INFO — hedging_live.py:80 — Hedging Info:
futures_level       15.3
entry            15.6821
exit             20.6965
status           HEDGING
action              NONE
2019-11-22 04:09:16,763 — TAA — INFO — hedging_live.py:83 — No trading signal.
2019-11-22 04:39:23,452 — TAA — INFO — taa_base.py:77 — Current Cash: 78.07 USD
2019-11-22 04:39:23,452 — TAA — INFO — taa_base.py:78 — Portfolio Value: 5141.24 USD
2019-11-22 04:39:23,459 — TAA — INFO — taa_base.py:79 — Account Position Info:
            holdingPosition
iuid                       
US_10_AGG               5.0
US_10_ASHR              9.0
US_10_EMB               2.0
US_10_GLD               1.0
US_10_HYG               3.0
US_10_INDA              3.0
US_10_JPST             13.0
US_10_QQQ               1.0
US_10_SCHF             20.0
US_10_VB                2.0
US_10_VTI               6.0
US_10_VTIP              3.0
US_10_VWO               6.0
US_10_VXX              12.0
US_10_XLE               2.0
2019-11-22 04:39:24,635 — TAA — INFO — hedging_live.py:80 — Hedging Info:
futures_level      15.36
entry            15.6821
exit             20.6965
status           HEDGING
action              NONE
2019-11-22 04:39:24,635 — TAA — INFO — hedging_live.py:83 — No trading signal.
2019-11-22 05:09:24,637 — TAA — INFO — main.py:33 — Market close.
2019-11-22 06:09:24,637 — TAA — INFO — main.py:33 — Market close.
2019-11-22 07:09:24,637 — TAA — INFO — main.py:33 — Market close.
2019-11-22 08:09:24,638 — TAA — INFO — main.py:33 — Market close.
2019-11-22 09:09:24,638 — TAA — INFO — main.py:33 — Market close.
