2019-12-03 22:32:20,632 — TAA — INFO — hedging_live.py:51 — Logger Initialized.
2019-12-03 22:32:28,901 — TAA — INFO — taa_base.py:77 — Current Cash: 78.07 USD
2019-12-03 22:32:28,901 — TAA — INFO — taa_base.py:78 — Portfolio Value: 5128.59 USD
2019-12-03 22:32:28,910 — TAA — INFO — taa_base.py:79 — Account Position Info:
            holdingPosition
iuid                       
US_10_AGG               5.0
US_10_ASHR              9.0
US_10_EMB               2.0
US_10_GLD               1.0
US_10_HYG               3.0
US_10_INDA              3.0
US_10_JPST             13.0
US_10_QQQ               1.0
US_10_SCHF             20.0
US_10_VB                2.0
US_10_VTI               6.0
US_10_VTIP              3.0
US_10_VWO               6.0
US_10_VXX              12.0
US_10_XLE               2.0
2019-12-03 22:32:30,082 — TAA — INFO — hedging_live.py:80 — Hedging Info:
futures_level    17.1932
entry            15.5908
exit             20.6965
status           HEDGING
action              NONE
2019-12-03 22:32:30,082 — TAA — INFO — hedging_live.py:83 — No trading signal.
2019-12-03 23:02:36,771 — TAA — INFO — taa_base.py:77 — Current Cash: 78.07 USD
2019-12-03 23:02:36,772 — TAA — INFO — taa_base.py:78 — Portfolio Value: 5126.39 USD
2019-12-03 23:02:36,779 — TAA — INFO — taa_base.py:79 — Account Position Info:
            holdingPosition
iuid                       
US_10_AGG               5.0
US_10_ASHR              9.0
US_10_EMB               2.0
US_10_GLD               1.0
US_10_HYG               3.0
US_10_INDA              3.0
US_10_JPST             13.0
US_10_QQQ               1.0
US_10_SCHF             20.0
US_10_VB                2.0
US_10_VTI               6.0
US_10_VTIP              3.0
US_10_VWO               6.0
US_10_VXX              12.0
US_10_XLE               2.0
2019-12-03 23:02:38,002 — TAA — INFO — hedging_live.py:80 — Hedging Info:
futures_level    17.1132
entry            15.5908
exit             20.6965
status           HEDGING
action              NONE
2019-12-03 23:02:38,003 — TAA — INFO — hedging_live.py:83 — No trading signal.
2019-12-03 23:32:44,655 — TAA — INFO — taa_base.py:77 — Current Cash: 78.07 USD
2019-12-03 23:32:44,655 — TAA — INFO — taa_base.py:78 — Portfolio Value: 5126.94 USD
2019-12-03 23:32:44,658 — TAA — INFO — taa_base.py:79 — Account Position Info:
            holdingPosition
iuid                       
US_10_AGG               5.0
US_10_ASHR              9.0
US_10_EMB               2.0
US_10_GLD               1.0
US_10_HYG               3.0
US_10_INDA              3.0
US_10_JPST             13.0
US_10_QQQ               1.0
US_10_SCHF             20.0
US_10_VB                2.0
US_10_VTI               6.0
US_10_VTIP              3.0
US_10_VWO               6.0
US_10_VXX              12.0
US_10_XLE               2.0
2019-12-03 23:32:45,733 — TAA — INFO — hedging_live.py:80 — Hedging Info:
futures_level    17.1174
entry            15.5908
exit             20.6965
status           HEDGING
action              NONE
2019-12-03 23:32:45,733 — TAA — INFO — hedging_live.py:83 — No trading signal.
