2019-10-31 22:40:53,846 — TAA — INFO — hedging_live.py:51 — Logger Initialized.
2019-10-31 22:41:06,373 — TAA — INFO — taa_base.py:77 — Current Cash: 73.76 USD
2019-10-31 22:41:06,374 — TAA — INFO — taa_base.py:78 — Portfolio Value: 5120.47 USD
2019-10-31 22:41:06,376 — TAA — INFO — taa_base.py:79 — Account Position Info:
            holdingPosition
iuid                       
US_10_AGG               5.0
US_10_ASHR              9.0
US_10_EMB               2.0
US_10_GLD               1.0
US_10_HYG               3.0
US_10_INDA              3.0
US_10_JPST             13.0
US_10_QQQ               1.0
US_10_SCHF             20.0
US_10_VB                2.0
US_10_VTI               6.0
US_10_VTIP              3.0
US_10_VWO               6.0
US_10_VXX              12.0
US_10_XLE               2.0
2019-10-31 22:41:09,042 — TAA — INFO — hedging_live.py:80 — Hedging Info:
futures_level    16.1917
entry            15.8523
exit             20.6965
status           HEDGING
action              NONE
2019-10-31 22:41:09,042 — TAA — INFO — hedging_live.py:83 — No trading signal.
2019-10-31 23:11:19,184 — TAA — INFO — taa_base.py:77 — Current Cash: 73.76 USD
2019-10-31 23:11:19,184 — TAA — INFO — taa_base.py:78 — Portfolio Value: 5124.49 USD
2019-10-31 23:11:19,186 — TAA — INFO — taa_base.py:79 — Account Position Info:
            holdingPosition
iuid                       
US_10_AGG               5.0
US_10_ASHR              9.0
US_10_EMB               2.0
US_10_GLD               1.0
US_10_HYG               3.0
US_10_INDA              3.0
US_10_JPST             13.0
US_10_QQQ               1.0
US_10_SCHF             20.0
US_10_VB                2.0
US_10_VTI               6.0
US_10_VTIP              3.0
US_10_VWO               6.0
US_10_VXX              12.0
US_10_XLE               2.0
2019-10-31 23:11:20,343 — TAA — INFO — hedging_live.py:80 — Hedging Info:
futures_level    16.0033
entry            15.8523
exit             20.6965
status           HEDGING
action              NONE
2019-10-31 23:11:20,343 — TAA — INFO — hedging_live.py:83 — No trading signal.
2019-10-31 23:41:30,461 — TAA — INFO — taa_base.py:77 — Current Cash: 73.76 USD
2019-10-31 23:41:30,461 — TAA — INFO — taa_base.py:78 — Portfolio Value: 5124.57 USD
2019-10-31 23:41:30,463 — TAA — INFO — taa_base.py:79 — Account Position Info:
            holdingPosition
iuid                       
US_10_AGG               5.0
US_10_ASHR              9.0
US_10_EMB               2.0
US_10_GLD               1.0
US_10_HYG               3.0
US_10_INDA              3.0
US_10_JPST             13.0
US_10_QQQ               1.0
US_10_SCHF             20.0
US_10_VB                2.0
US_10_VTI               6.0
US_10_VTIP              3.0
US_10_VWO               6.0
US_10_VXX              12.0
US_10_XLE               2.0
2019-10-31 23:41:31,634 — TAA — INFO — hedging_live.py:80 — Hedging Info:
futures_level    16.0767
entry            15.8523
exit             20.6965
status           HEDGING
action              NONE
2019-10-31 23:41:31,634 — TAA — INFO — hedging_live.py:83 — No trading signal.
2019-11-01 00:11:41,549 — TAA — INFO — taa_base.py:77 — Current Cash: 73.76 USD
2019-11-01 00:11:41,549 — TAA — INFO — taa_base.py:78 — Portfolio Value: 5122.67 USD
2019-11-01 00:11:41,550 — TAA — INFO — taa_base.py:79 — Account Position Info:
            holdingPosition
iuid                       
US_10_AGG               5.0
US_10_ASHR              9.0
US_10_EMB               2.0
US_10_GLD               1.0
US_10_HYG               3.0
US_10_INDA              3.0
US_10_JPST             13.0
US_10_QQQ               1.0
US_10_SCHF             20.0
US_10_VB                2.0
US_10_VTI               6.0
US_10_VTIP              3.0
US_10_VWO               6.0
US_10_VXX              12.0
US_10_XLE               2.0
2019-11-01 00:11:43,839 — TAA — INFO — hedging_live.py:80 — Hedging Info:
futures_level      16.21
entry            15.8523
exit             20.6965
status           HEDGING
action              NONE
2019-11-01 00:11:43,840 — TAA — INFO — hedging_live.py:83 — No trading signal.
2019-11-01 00:41:53,850 — TAA — INFO — taa_base.py:77 — Current Cash: 73.76 USD
2019-11-01 00:41:53,851 — TAA — INFO — taa_base.py:78 — Portfolio Value: 5120.61 USD
2019-11-01 00:41:53,853 — TAA — INFO — taa_base.py:79 — Account Position Info:
            holdingPosition
iuid                       
US_10_AGG               5.0
US_10_ASHR              9.0
US_10_EMB               2.0
US_10_GLD               1.0
US_10_HYG               3.0
US_10_INDA              3.0
US_10_JPST             13.0
US_10_QQQ               1.0
US_10_SCHF             20.0
US_10_VB                2.0
US_10_VTI               6.0
US_10_VTIP              3.0
US_10_VWO               6.0
US_10_VXX              12.0
US_10_XLE               2.0
2019-11-01 00:41:54,953 — TAA — INFO — hedging_live.py:80 — Hedging Info:
futures_level    16.2342
entry            15.8523
exit             20.6965
status           HEDGING
action              NONE
2019-11-01 00:41:54,953 — TAA — INFO — hedging_live.py:83 — No trading signal.
2019-11-01 01:12:04,971 — TAA — INFO — taa_base.py:77 — Current Cash: 74.1 USD
2019-11-01 01:12:04,971 — TAA — INFO — taa_base.py:78 — Portfolio Value: 5120.18 USD
2019-11-01 01:12:04,974 — TAA — INFO — taa_base.py:79 — Account Position Info:
            holdingPosition
iuid                       
US_10_AGG               5.0
US_10_ASHR              9.0
US_10_EMB               2.0
US_10_GLD               1.0
US_10_HYG               3.0
US_10_INDA              3.0
US_10_JPST             13.0
US_10_QQQ               1.0
US_10_SCHF             20.0
US_10_VB                2.0
US_10_VTI               6.0
US_10_VTIP              3.0
US_10_VWO               6.0
US_10_VXX              12.0
US_10_XLE               2.0
2019-11-01 01:12:06,132 — TAA — INFO — hedging_live.py:80 — Hedging Info:
futures_level    16.1208
entry            15.8523
exit             20.6965
status           HEDGING
action              NONE
2019-11-01 01:12:06,132 — TAA — INFO — hedging_live.py:83 — No trading signal.
2019-11-01 01:42:16,038 — TAA — INFO — taa_base.py:77 — Current Cash: 74.1 USD
2019-11-01 01:42:16,038 — TAA — INFO — taa_base.py:78 — Portfolio Value: 5120.91 USD
2019-11-01 01:42:16,040 — TAA — INFO — taa_base.py:79 — Account Position Info:
            holdingPosition
iuid                       
US_10_AGG               5.0
US_10_ASHR              9.0
US_10_EMB               2.0
US_10_GLD               1.0
US_10_HYG               3.0
US_10_INDA              3.0
US_10_JPST             13.0
US_10_QQQ               1.0
US_10_SCHF             20.0
US_10_VB                2.0
US_10_VTI               6.0
US_10_VTIP              3.0
US_10_VWO               6.0
US_10_VXX              12.0
US_10_XLE               2.0
2019-11-01 01:42:17,186 — TAA — INFO — hedging_live.py:80 — Hedging Info:
futures_level    16.1125
entry            15.8523
exit             20.6965
status           HEDGING
action              NONE
2019-11-01 01:42:17,186 — TAA — INFO — hedging_live.py:83 — No trading signal.
2019-11-01 02:12:27,110 — TAA — INFO — taa_base.py:77 — Current Cash: 74.1 USD
2019-11-01 02:12:27,110 — TAA — INFO — taa_base.py:78 — Portfolio Value: 5120.23 USD
2019-11-01 02:12:27,112 — TAA — INFO — taa_base.py:79 — Account Position Info:
            holdingPosition
iuid                       
US_10_AGG               5.0
US_10_ASHR              9.0
US_10_EMB               2.0
US_10_GLD               1.0
US_10_HYG               3.0
US_10_INDA              3.0
US_10_JPST             13.0
US_10_QQQ               1.0
US_10_SCHF             20.0
US_10_VB                2.0
US_10_VTI               6.0
US_10_VTIP              3.0
US_10_VWO               6.0
US_10_VXX              12.0
US_10_XLE               2.0
2019-11-01 02:12:28,251 — TAA — INFO — hedging_live.py:80 — Hedging Info:
futures_level    16.1342
entry            15.8523
exit             20.6965
status           HEDGING
action              NONE
2019-11-01 02:12:28,252 — TAA — INFO — hedging_live.py:83 — No trading signal.
2019-11-01 02:42:38,253 — TAA — INFO — taa_base.py:77 — Current Cash: 74.1 USD
2019-11-01 02:42:38,254 — TAA — INFO — taa_base.py:78 — Portfolio Value: 5121.1 USD
2019-11-01 02:42:38,258 — TAA — INFO — taa_base.py:79 — Account Position Info:
            holdingPosition
iuid                       
US_10_AGG               5.0
US_10_ASHR              9.0
US_10_EMB               2.0
US_10_GLD               1.0
US_10_HYG               3.0
US_10_INDA              3.0
US_10_JPST             13.0
US_10_QQQ               1.0
US_10_SCHF             20.0
US_10_VB                2.0
US_10_VTI               6.0
US_10_VTIP              3.0
US_10_VWO               6.0
US_10_VXX              12.0
US_10_XLE               2.0
2019-11-01 02:42:39,363 — TAA — INFO — hedging_live.py:80 — Hedging Info:
futures_level    16.2917
entry            15.8523
exit             20.6965
status           HEDGING
action              NONE
2019-11-01 02:42:39,364 — TAA — INFO — hedging_live.py:83 — No trading signal.
2019-11-01 03:12:49,346 — TAA — INFO — taa_base.py:77 — Current Cash: 74.1 USD
2019-11-01 03:12:49,346 — TAA — INFO — taa_base.py:78 — Portfolio Value: 5120.37 USD
2019-11-01 03:12:49,351 — TAA — INFO — taa_base.py:79 — Account Position Info:
            holdingPosition
iuid                       
US_10_AGG               5.0
US_10_ASHR              9.0
US_10_EMB               2.0
US_10_GLD               1.0
US_10_HYG               3.0
US_10_INDA              3.0
US_10_JPST             13.0
US_10_QQQ               1.0
US_10_SCHF             20.0
US_10_VB                2.0
US_10_VTI               6.0
US_10_VTIP              3.0
US_10_VWO               6.0
US_10_VXX              12.0
US_10_XLE               2.0
2019-11-01 03:12:50,518 — TAA — INFO — hedging_live.py:80 — Hedging Info:
futures_level    16.0625
entry            15.8523
exit             20.6965
status           HEDGING
action              NONE
2019-11-01 03:12:50,518 — TAA — INFO — hedging_live.py:83 — No trading signal.
2019-11-01 03:43:00,509 — TAA — INFO — taa_base.py:77 — Current Cash: 74.1 USD
2019-11-01 03:43:00,509 — TAA — INFO — taa_base.py:78 — Portfolio Value: 5123.35 USD
2019-11-01 03:43:00,513 — TAA — INFO — taa_base.py:79 — Account Position Info:
            holdingPosition
iuid                       
US_10_AGG               5.0
US_10_ASHR              9.0
US_10_EMB               2.0
US_10_GLD               1.0
US_10_HYG               3.0
US_10_INDA              3.0
US_10_JPST             13.0
US_10_QQQ               1.0
US_10_SCHF             20.0
US_10_VB                2.0
US_10_VTI               6.0
US_10_VTIP              3.0
US_10_VWO               6.0
US_10_VXX              12.0
US_10_XLE               2.0
2019-11-01 03:43:01,745 — TAA — INFO — hedging_live.py:80 — Hedging Info:
futures_level     16.075
entry            15.8523
exit             20.6965
status           HEDGING
action              NONE
2019-11-01 03:43:01,746 — TAA — INFO — hedging_live.py:83 — No trading signal.
2019-11-01 04:13:01,746 — TAA — INFO — main.py:33 — Market close.
2019-11-01 05:13:01,747 — TAA — INFO — main.py:33 — Market close.
2019-11-01 06:13:01,748 — TAA — INFO — main.py:33 — Market close.
2019-11-01 07:13:01,748 — TAA — INFO — main.py:33 — Market close.
2019-11-01 08:13:01,749 — TAA — INFO — main.py:33 — Market close.
2019-11-01 09:13:01,751 — TAA — INFO — main.py:33 — Market close.
