2019-09-12 16:40:19,587 — TAA — INFO — hedging_live.py:51 — Logger Initialized.
2019-09-12 16:40:29,210 — TAA — INFO — taa_base.py:76 — Current Cash: 47.67 USD
2019-09-12 16:40:29,210 — TAA — INFO — taa_base.py:77 — Portfolio Value: 5094.12 USD
2019-09-12 16:40:29,214 — TAA — INFO — taa_base.py:78 — Account Position Info:
            holdingPosition
iuid                       
US_10_AGG               5.0
US_10_ASHR              9.0
US_10_EMB               2.0
US_10_GLD               1.0
US_10_HYG               3.0
US_10_INDA              3.0
US_10_JPST             18.0
US_10_QQQ               1.0
US_10_SCHF             20.0
US_10_VB                2.0
US_10_VTI               6.0
US_10_VTIP              3.0
US_10_VWO               6.0
US_10_XLE               2.0
2019-09-12 16:40:31,648 — TAA — INFO — hedging_live.py:80 — Hedging Info:
futures_level    16.9737
entry            16.1862
exit             20.9599
status           PARKING
action              NONE
2019-09-12 16:40:31,648 — TAA — INFO — hedging_live.py:83 — No trading signal.
2019-09-12 16:41:11,177 — TAA — INFO — taa_base.py:76 — Current Cash: 47.67 USD
2019-09-12 16:41:11,177 — TAA — INFO — taa_base.py:77 — Portfolio Value: 5094.12 USD
2019-09-12 16:41:11,179 — TAA — INFO — taa_base.py:78 — Account Position Info:
            holdingPosition
iuid                       
US_10_AGG               5.0
US_10_ASHR              9.0
US_10_EMB               2.0
US_10_GLD               1.0
US_10_HYG               3.0
US_10_INDA              3.0
US_10_JPST             18.0
US_10_QQQ               1.0
US_10_SCHF             20.0
US_10_VB                2.0
US_10_VTI               6.0
US_10_VTIP              3.0
US_10_VWO               6.0
US_10_XLE               2.0
2019-09-12 16:41:12,463 — TAA — INFO — hedging_live.py:80 — Hedging Info:
futures_level    16.9737
entry            16.1862
exit             20.9599
status           PARKING
action              NONE
2019-09-12 16:41:12,464 — TAA — INFO — hedging_live.py:83 — No trading signal.
