2019-10-28 22:48:22,206 — TAA — INFO — hedging_live.py:51 — Logger Initialized.
2019-10-28 22:48:31,609 — TAA — INFO — taa_base.py:77 — Current Cash: 61.8 USD
2019-10-28 22:48:31,609 — TAA — INFO — taa_base.py:78 — Portfolio Value: 5137.92 USD
2019-10-28 22:48:31,614 — TAA — INFO — taa_base.py:79 — Account Position Info:
            holdingPosition
iuid                       
US_10_AGG               5.0
US_10_ASHR              9.0
US_10_EMB               2.0
US_10_GLD               1.0
US_10_HYG               3.0
US_10_INDA              3.0
US_10_JPST             18.0
US_10_QQQ               1.0
US_10_SCHF             20.0
US_10_VB                2.0
US_10_VTI               6.0
US_10_VTIP              3.0
US_10_VWO               6.0
US_10_XLE               2.0
2019-10-28 22:48:32,757 — TAA — INFO — hedging_live.py:80 — Hedging Info:
futures_level    15.8617
entry            15.8523
exit             20.6965
status           PARKING
action              NONE
2019-10-28 22:48:32,757 — TAA — INFO — hedging_live.py:83 — No trading signal.
