2019-11-05 22:31:36,781 — TAA — INFO — hedging_live.py:51 — Logger Initialized.
2019-11-05 22:31:46,837 — TAA — INFO — taa_base.py:77 — Current Cash: 74.1 USD
2019-11-05 22:31:46,838 — TAA — INFO — taa_base.py:78 — Portfolio Value: 5171.21 USD
2019-11-05 22:31:46,841 — TAA — INFO — taa_base.py:79 — Account Position Info:
            holdingPosition
iuid                       
US_10_AGG               5.0
US_10_ASHR              9.0
US_10_EMB               2.0
US_10_GLD               1.0
US_10_HYG               3.0
US_10_INDA              3.0
US_10_JPST             13.0
US_10_QQQ               1.0
US_10_SCHF             20.0
US_10_VB                2.0
US_10_VTI               6.0
US_10_VTIP              3.0
US_10_VWO               6.0
US_10_VXX              12.0
US_10_XLE               2.0
2019-11-05 22:31:48,140 — TAA — INFO — hedging_live.py:80 — Hedging Info:
futures_level    15.6221
entry            15.8275
exit             20.6965
status           HEDGING
action              NONE
2019-11-05 22:31:48,140 — TAA — INFO — hedging_live.py:83 — No trading signal.
2019-11-05 23:01:58,387 — TAA — INFO — taa_base.py:77 — Current Cash: 74.1 USD
2019-11-05 23:01:58,388 — TAA — INFO — taa_base.py:78 — Portfolio Value: 5173.01 USD
2019-11-05 23:01:58,389 — TAA — INFO — taa_base.py:79 — Account Position Info:
            holdingPosition
iuid                       
US_10_AGG               5.0
US_10_ASHR              9.0
US_10_EMB               2.0
US_10_GLD               1.0
US_10_HYG               3.0
US_10_INDA              3.0
US_10_JPST             13.0
US_10_QQQ               1.0
US_10_SCHF             20.0
US_10_VB                2.0
US_10_VTI               6.0
US_10_VTIP              3.0
US_10_VWO               6.0
US_10_VXX              12.0
US_10_XLE               2.0
2019-11-05 23:02:01,777 — TAA — INFO — hedging_live.py:80 — Hedging Info:
futures_level    15.5354
entry            15.8275
exit             20.6965
status           HEDGING
action              NONE
2019-11-05 23:02:01,777 — TAA — INFO — hedging_live.py:83 — No trading signal.
2019-11-05 23:32:11,873 — TAA — INFO — taa_base.py:77 — Current Cash: 74.1 USD
2019-11-05 23:32:11,874 — TAA — INFO — taa_base.py:78 — Portfolio Value: 5166.25 USD
2019-11-05 23:32:11,877 — TAA — INFO — taa_base.py:79 — Account Position Info:
            holdingPosition
iuid                       
US_10_AGG               5.0
US_10_ASHR              9.0
US_10_EMB               2.0
US_10_GLD               1.0
US_10_HYG               3.0
US_10_INDA              3.0
US_10_JPST             13.0
US_10_QQQ               1.0
US_10_SCHF             20.0
US_10_VB                2.0
US_10_VTI               6.0
US_10_VTIP              3.0
US_10_VWO               6.0
US_10_VXX              12.0
US_10_XLE               2.0
2019-11-05 23:32:13,132 — TAA — INFO — hedging_live.py:80 — Hedging Info:
futures_level      15.71
entry            15.8275
exit             20.6965
status           HEDGING
action              NONE
2019-11-05 23:32:13,132 — TAA — INFO — hedging_live.py:83 — No trading signal.
