2019-09-23 21:31:42,117 — TAA — INFO — hedging_live.py:51 — Logger Initialized.
2019-09-23 21:31:51,642 — TAA — INFO — taa_base.py:76 — Current Cash: 52.26 USD
2019-09-23 21:31:51,642 — TAA — INFO — taa_base.py:77 — Portfolio Value: 5078.74 USD
2019-09-23 21:31:51,648 — TAA — INFO — taa_base.py:78 — Account Position Info:
            holdingPosition
iuid                       
US_10_AGG               5.0
US_10_ASHR              9.0
US_10_EMB               2.0
US_10_GLD               1.0
US_10_HYG               3.0
US_10_INDA              3.0
US_10_JPST             18.0
US_10_QQQ               1.0
US_10_SCHF             20.0
US_10_VB                2.0
US_10_VTI               6.0
US_10_VTIP              3.0
US_10_VWO               6.0
US_10_XLE               2.0
2019-09-23 21:31:54,092 — TAA — INFO — hedging_live.py:80 — Hedging Info:
futures_level    17.2616
entry            15.5071
exit             20.9599
status           PARKING
action              NONE
2019-09-23 21:31:54,093 — TAA — INFO — hedging_live.py:83 — No trading signal.
2019-09-23 22:02:03,533 — TAA — INFO — taa_base.py:76 — Current Cash: 52.26 USD
2019-09-23 22:02:03,534 — TAA — INFO — taa_base.py:77 — Portfolio Value: 5085.39 USD
2019-09-23 22:02:03,541 — TAA — INFO — taa_base.py:78 — Account Position Info:
            holdingPosition
iuid                       
US_10_AGG               5.0
US_10_ASHR              9.0
US_10_EMB               2.0
US_10_GLD               1.0
US_10_HYG               3.0
US_10_INDA              3.0
US_10_JPST             18.0
US_10_QQQ               1.0
US_10_SCHF             20.0
US_10_VB                2.0
US_10_VTI               6.0
US_10_VTIP              3.0
US_10_VWO               6.0
US_10_XLE               2.0
2019-09-23 22:02:04,709 — TAA — INFO — hedging_live.py:80 — Hedging Info:
futures_level    17.1179
entry            15.5071
exit             20.9599
status           PARKING
action              NONE
2019-09-23 22:02:04,709 — TAA — INFO — hedging_live.py:83 — No trading signal.
2019-09-23 22:32:14,152 — TAA — INFO — taa_base.py:76 — Current Cash: 52.26 USD
2019-09-23 22:32:14,152 — TAA — INFO — taa_base.py:77 — Portfolio Value: 5086.82 USD
2019-09-23 22:32:14,159 — TAA — INFO — taa_base.py:78 — Account Position Info:
            holdingPosition
iuid                       
US_10_AGG               5.0
US_10_ASHR              9.0
US_10_EMB               2.0
US_10_GLD               1.0
US_10_HYG               3.0
US_10_INDA              3.0
US_10_JPST             18.0
US_10_QQQ               1.0
US_10_SCHF             20.0
US_10_VB                2.0
US_10_VTI               6.0
US_10_VTIP              3.0
US_10_VWO               6.0
US_10_XLE               2.0
2019-09-23 22:32:18,111 — TAA — INFO — hedging_live.py:80 — Hedging Info:
futures_level    17.0658
entry            15.5071
exit             20.9599
status           PARKING
action              NONE
2019-09-23 22:32:18,111 — TAA — INFO — hedging_live.py:83 — No trading signal.
2019-09-23 23:02:27,539 — TAA — INFO — taa_base.py:76 — Current Cash: 52.26 USD
2019-09-23 23:02:27,540 — TAA — INFO — taa_base.py:77 — Portfolio Value: 5085.54 USD
2019-09-23 23:02:27,547 — TAA — INFO — taa_base.py:78 — Account Position Info:
            holdingPosition
iuid                       
US_10_AGG               5.0
US_10_ASHR              9.0
US_10_EMB               2.0
US_10_GLD               1.0
US_10_HYG               3.0
US_10_INDA              3.0
US_10_JPST             18.0
US_10_QQQ               1.0
US_10_SCHF             20.0
US_10_VB                2.0
US_10_VTI               6.0
US_10_VTIP              3.0
US_10_VWO               6.0
US_10_XLE               2.0
2019-09-23 23:02:28,706 — TAA — INFO — hedging_live.py:80 — Hedging Info:
futures_level      17.12
entry            15.5071
exit             20.9599
status           PARKING
action              NONE
2019-09-23 23:02:28,706 — TAA — INFO — hedging_live.py:83 — No trading signal.
2019-09-23 23:32:38,172 — TAA — INFO — taa_base.py:76 — Current Cash: 52.26 USD
2019-09-23 23:32:38,173 — TAA — INFO — taa_base.py:77 — Portfolio Value: 5089.6 USD
2019-09-23 23:32:38,184 — TAA — INFO — taa_base.py:78 — Account Position Info:
            holdingPosition
iuid                       
US_10_AGG               5.0
US_10_ASHR              9.0
US_10_EMB               2.0
US_10_GLD               1.0
US_10_HYG               3.0
US_10_INDA              3.0
US_10_JPST             18.0
US_10_QQQ               1.0
US_10_SCHF             20.0
US_10_VB                2.0
US_10_VTI               6.0
US_10_VTIP              3.0
US_10_VWO               6.0
US_10_XLE               2.0
2019-09-23 23:32:39,382 — TAA — INFO — hedging_live.py:80 — Hedging Info:
futures_level    16.9442
entry            15.5071
exit             20.9599
status           PARKING
action              NONE
2019-09-23 23:32:39,382 — TAA — INFO — hedging_live.py:83 — No trading signal.
2019-09-24 00:02:48,843 — TAA — INFO — taa_base.py:76 — Current Cash: 52.26 USD
2019-09-24 00:02:48,843 — TAA — INFO — taa_base.py:77 — Portfolio Value: 5089.44 USD
2019-09-24 00:02:48,851 — TAA — INFO — taa_base.py:78 — Account Position Info:
            holdingPosition
iuid                       
US_10_AGG               5.0
US_10_ASHR              9.0
US_10_EMB               2.0
US_10_GLD               1.0
US_10_HYG               3.0
US_10_INDA              3.0
US_10_JPST             18.0
US_10_QQQ               1.0
US_10_SCHF             20.0
US_10_VB                2.0
US_10_VTI               6.0
US_10_VTIP              3.0
US_10_VWO               6.0
US_10_XLE               2.0
2019-09-24 00:02:51,203 — TAA — INFO — hedging_live.py:80 — Hedging Info:
futures_level    16.9595
entry             15.555
exit             20.9599
status           PARKING
action              NONE
2019-09-24 00:02:51,203 — TAA — INFO — hedging_live.py:83 — No trading signal.
2019-09-24 00:33:00,706 — TAA — INFO — taa_base.py:76 — Current Cash: 52.26 USD
2019-09-24 00:33:00,707 — TAA — INFO — taa_base.py:77 — Portfolio Value: 5090.95 USD
2019-09-24 00:33:00,713 — TAA — INFO — taa_base.py:78 — Account Position Info:
            holdingPosition
iuid                       
US_10_AGG               5.0
US_10_ASHR              9.0
US_10_EMB               2.0
US_10_GLD               1.0
US_10_HYG               3.0
US_10_INDA              3.0
US_10_JPST             18.0
US_10_QQQ               1.0
US_10_SCHF             20.0
US_10_VB                2.0
US_10_VTI               6.0
US_10_VTIP              3.0
US_10_VWO               6.0
US_10_XLE               2.0
2019-09-24 00:33:01,906 — TAA — INFO — hedging_live.py:80 — Hedging Info:
futures_level    16.8816
entry             15.555
exit             20.9599
status           PARKING
action              NONE
2019-09-24 00:33:01,906 — TAA — INFO — hedging_live.py:83 — No trading signal.
2019-09-24 01:03:11,413 — TAA — INFO — taa_base.py:76 — Current Cash: 52.26 USD
2019-09-24 01:03:11,414 — TAA — INFO — taa_base.py:77 — Portfolio Value: 5090.18 USD
2019-09-24 01:03:11,421 — TAA — INFO — taa_base.py:78 — Account Position Info:
            holdingPosition
iuid                       
US_10_AGG               5.0
US_10_ASHR              9.0
US_10_EMB               2.0
US_10_GLD               1.0
US_10_HYG               3.0
US_10_INDA              3.0
US_10_JPST             18.0
US_10_QQQ               1.0
US_10_SCHF             20.0
US_10_VB                2.0
US_10_VTI               6.0
US_10_VTIP              3.0
US_10_VWO               6.0
US_10_XLE               2.0
2019-09-24 01:03:12,558 — TAA — INFO — hedging_live.py:80 — Hedging Info:
futures_level    16.8926
entry             15.555
exit             20.9599
status           PARKING
action              NONE
2019-09-24 01:03:12,558 — TAA — INFO — hedging_live.py:83 — No trading signal.
2019-09-24 01:33:22,046 — TAA — INFO — taa_base.py:76 — Current Cash: 52.26 USD
2019-09-24 01:33:22,046 — TAA — INFO — taa_base.py:77 — Portfolio Value: 5091.41 USD
2019-09-24 01:33:22,053 — TAA — INFO — taa_base.py:78 — Account Position Info:
            holdingPosition
iuid                       
US_10_AGG               5.0
US_10_ASHR              9.0
US_10_EMB               2.0
US_10_GLD               1.0
US_10_HYG               3.0
US_10_INDA              3.0
US_10_JPST             18.0
US_10_QQQ               1.0
US_10_SCHF             20.0
US_10_VB                2.0
US_10_VTI               6.0
US_10_VTIP              3.0
US_10_VWO               6.0
US_10_XLE               2.0
2019-09-24 01:33:23,239 — TAA — INFO — hedging_live.py:80 — Hedging Info:
futures_level    16.8937
entry             15.555
exit             20.9599
status           PARKING
action              NONE
2019-09-24 01:33:23,240 — TAA — INFO — hedging_live.py:83 — No trading signal.
2019-09-24 02:03:32,669 — TAA — INFO — taa_base.py:76 — Current Cash: 52.26 USD
2019-09-24 02:03:32,669 — TAA — INFO — taa_base.py:77 — Portfolio Value: 5091.98 USD
2019-09-24 02:03:32,677 — TAA — INFO — taa_base.py:78 — Account Position Info:
            holdingPosition
iuid                       
US_10_AGG               5.0
US_10_ASHR              9.0
US_10_EMB               2.0
US_10_GLD               1.0
US_10_HYG               3.0
US_10_INDA              3.0
US_10_JPST             18.0
US_10_QQQ               1.0
US_10_SCHF             20.0
US_10_VB                2.0
US_10_VTI               6.0
US_10_VTIP              3.0
US_10_VWO               6.0
US_10_XLE               2.0
2019-09-24 02:03:33,865 — TAA — INFO — hedging_live.py:80 — Hedging Info:
futures_level    16.8637
entry             15.555
exit             20.9599
status           PARKING
action              NONE
2019-09-24 02:03:33,865 — TAA — INFO — hedging_live.py:83 — No trading signal.
2019-09-24 02:33:43,341 — TAA — INFO — taa_base.py:76 — Current Cash: 52.26 USD
2019-09-24 02:33:43,341 — TAA — INFO — taa_base.py:77 — Portfolio Value: 5091.64 USD
2019-09-24 02:33:43,348 — TAA — INFO — taa_base.py:78 — Account Position Info:
            holdingPosition
iuid                       
US_10_AGG               5.0
US_10_ASHR              9.0
US_10_EMB               2.0
US_10_GLD               1.0
US_10_HYG               3.0
US_10_INDA              3.0
US_10_JPST             18.0
US_10_QQQ               1.0
US_10_SCHF             20.0
US_10_VB                2.0
US_10_VTI               6.0
US_10_VTIP              3.0
US_10_VWO               6.0
US_10_XLE               2.0
2019-09-24 02:33:44,475 — TAA — INFO — hedging_live.py:80 — Hedging Info:
futures_level    16.9316
entry             15.555
exit             20.9599
status           PARKING
action              NONE
2019-09-24 02:33:44,476 — TAA — INFO — hedging_live.py:83 — No trading signal.
2019-09-24 03:03:53,917 — TAA — INFO — taa_base.py:76 — Current Cash: 52.26 USD
2019-09-24 03:03:53,917 — TAA — INFO — taa_base.py:77 — Portfolio Value: 5091.23 USD
2019-09-24 03:03:53,924 — TAA — INFO — taa_base.py:78 — Account Position Info:
            holdingPosition
iuid                       
US_10_AGG               5.0
US_10_ASHR              9.0
US_10_EMB               2.0
US_10_GLD               1.0
US_10_HYG               3.0
US_10_INDA              3.0
US_10_JPST             18.0
US_10_QQQ               1.0
US_10_SCHF             20.0
US_10_VB                2.0
US_10_VTI               6.0
US_10_VTIP              3.0
US_10_VWO               6.0
US_10_XLE               2.0
2019-09-24 03:03:55,126 — TAA — INFO — hedging_live.py:80 — Hedging Info:
futures_level    16.8616
entry             15.555
exit             20.9599
status           PARKING
action              NONE
2019-09-24 03:03:55,127 — TAA — INFO — hedging_live.py:83 — No trading signal.
2019-09-24 03:34:04,587 — TAA — INFO — taa_base.py:76 — Current Cash: 52.26 USD
2019-09-24 03:34:04,588 — TAA — INFO — taa_base.py:77 — Portfolio Value: 5092.86 USD
2019-09-24 03:34:04,595 — TAA — INFO — taa_base.py:78 — Account Position Info:
            holdingPosition
iuid                       
US_10_AGG               5.0
US_10_ASHR              9.0
US_10_EMB               2.0
US_10_GLD               1.0
US_10_HYG               3.0
US_10_INDA              3.0
US_10_JPST             18.0
US_10_QQQ               1.0
US_10_SCHF             20.0
US_10_VB                2.0
US_10_VTI               6.0
US_10_VTIP              3.0
US_10_VWO               6.0
US_10_XLE               2.0
2019-09-24 03:34:05,761 — TAA — INFO — hedging_live.py:80 — Hedging Info:
futures_level    16.9526
entry             15.555
exit             20.9599
status           PARKING
action              NONE
2019-09-24 03:34:05,761 — TAA — INFO — hedging_live.py:83 — No trading signal.
2019-09-24 04:04:05,763 — TAA — INFO — main.py:33 — Market close.
2019-09-24 05:04:05,763 — TAA — INFO — main.py:33 — Market close.
2019-09-24 06:04:05,764 — TAA — INFO — main.py:33 — Market close.
2019-09-24 07:04:05,765 — TAA — INFO — main.py:33 — Market close.
2019-09-24 08:04:05,765 — TAA — INFO — main.py:33 — Market close.
2019-09-24 09:04:05,766 — TAA — INFO — main.py:33 — Market close.
2019-09-24 10:04:05,767 — TAA — INFO — main.py:33 — Market close.
2019-09-24 11:04:05,767 — TAA — INFO — main.py:33 — Market close.
2019-09-24 12:04:05,768 — TAA — INFO — main.py:33 — Market close.
2019-09-24 13:04:05,768 — TAA — INFO — main.py:33 — Market close.
2019-09-24 14:04:05,769 — TAA — INFO — main.py:33 — Market close.
2019-09-24 15:04:05,770 — TAA — INFO — main.py:33 — Market close.
2019-09-24 16:04:05,772 — TAA — INFO — main.py:33 — Market close.
2019-09-24 17:04:05,772 — TAA — INFO — main.py:33 — Market close.
2019-09-24 18:04:05,773 — TAA — INFO — main.py:33 — Market close.
2019-09-24 19:04:05,774 — TAA — INFO — main.py:33 — Market close.
2019-09-24 20:04:05,776 — TAA — INFO — main.py:33 — Market close.
2019-09-24 21:04:05,778 — TAA — INFO — main.py:33 — Market close.
2019-09-24 22:04:15,844 — TAA — INFO — taa_base.py:76 — Current Cash: 52.26 USD
2019-09-24 22:04:15,845 — TAA — INFO — taa_base.py:77 — Portfolio Value: 5093.89 USD
2019-09-24 22:04:15,853 — TAA — INFO — taa_base.py:78 — Account Position Info:
            holdingPosition
iuid                       
US_10_AGG               5.0
US_10_ASHR              9.0
US_10_EMB               2.0
US_10_GLD               1.0
US_10_HYG               3.0
US_10_INDA              3.0
US_10_JPST             18.0
US_10_QQQ               1.0
US_10_SCHF             20.0
US_10_VB                2.0
US_10_VTI               6.0
US_10_VTIP              3.0
US_10_VWO               6.0
US_10_XLE               2.0
2019-09-24 22:04:17,050 — TAA — INFO — hedging_live.py:80 — Hedging Info:
futures_level    16.8558
entry             15.555
exit             20.9599
status           PARKING
action              NONE
2019-09-24 22:04:17,050 — TAA — INFO — hedging_live.py:83 — No trading signal.
2019-09-24 22:34:26,956 — TAA — INFO — taa_base.py:76 — Current Cash: 52.26 USD
2019-09-24 22:34:26,956 — TAA — INFO — taa_base.py:77 — Portfolio Value: 5088.78 USD
2019-09-24 22:34:26,961 — TAA — INFO — taa_base.py:78 — Account Position Info:
            holdingPosition
iuid                       
US_10_AGG               5.0
US_10_ASHR              9.0
US_10_EMB               2.0
US_10_GLD               1.0
US_10_HYG               3.0
US_10_INDA              3.0
US_10_JPST             18.0
US_10_QQQ               1.0
US_10_SCHF             20.0
US_10_VB                2.0
US_10_VTI               6.0
US_10_VTIP              3.0
US_10_VWO               6.0
US_10_XLE               2.0
2019-09-24 22:34:28,115 — TAA — INFO — hedging_live.py:80 — Hedging Info:
futures_level    16.9926
entry             15.555
exit             20.9599
status           PARKING
action              NONE
2019-09-24 22:34:28,115 — TAA — INFO — hedging_live.py:83 — No trading signal.
2019-09-24 23:04:38,057 — TAA — INFO — taa_base.py:76 — Current Cash: 52.26 USD
2019-09-24 23:04:38,057 — TAA — INFO — taa_base.py:77 — Portfolio Value: 5083.26 USD
2019-09-24 23:04:38,059 — TAA — INFO — taa_base.py:78 — Account Position Info:
            holdingPosition
iuid                       
US_10_AGG               5.0
US_10_ASHR              9.0
US_10_EMB               2.0
US_10_GLD               1.0
US_10_HYG               3.0
US_10_INDA              3.0
US_10_JPST             18.0
US_10_QQQ               1.0
US_10_SCHF             20.0
US_10_VB                2.0
US_10_VTI               6.0
US_10_VTIP              3.0
US_10_VWO               6.0
US_10_XLE               2.0
2019-09-24 23:04:39,238 — TAA — INFO — hedging_live.py:80 — Hedging Info:
futures_level    17.1947
entry             15.555
exit             20.9599
status           PARKING
action              NONE
2019-09-24 23:04:39,238 — TAA — INFO — hedging_live.py:83 — No trading signal.
2019-09-24 23:34:49,120 — TAA — INFO — taa_base.py:76 — Current Cash: 52.26 USD
2019-09-24 23:34:49,120 — TAA — INFO — taa_base.py:77 — Portfolio Value: 5080.25 USD
2019-09-24 23:34:49,123 — TAA — INFO — taa_base.py:78 — Account Position Info:
            holdingPosition
iuid                       
US_10_AGG               5.0
US_10_ASHR              9.0
US_10_EMB               2.0
US_10_GLD               1.0
US_10_HYG               3.0
US_10_INDA              3.0
US_10_JPST             18.0
US_10_QQQ               1.0
US_10_SCHF             20.0
US_10_VB                2.0
US_10_VTI               6.0
US_10_VTIP              3.0
US_10_VWO               6.0
US_10_XLE               2.0
2019-09-24 23:34:50,295 — TAA — INFO — hedging_live.py:80 — Hedging Info:
futures_level    17.1847
entry             15.555
exit             20.9599
status           PARKING
action              NONE
2019-09-24 23:34:50,295 — TAA — INFO — hedging_live.py:83 — No trading signal.
2019-09-25 00:05:00,172 — TAA — INFO — taa_base.py:76 — Current Cash: 52.26 USD
2019-09-25 00:05:00,172 — TAA — INFO — taa_base.py:77 — Portfolio Value: 5077.19 USD
2019-09-25 00:05:00,174 — TAA — INFO — taa_base.py:78 — Account Position Info:
            holdingPosition
iuid                       
US_10_AGG               5.0
US_10_ASHR              9.0
US_10_EMB               2.0
US_10_GLD               1.0
US_10_HYG               3.0
US_10_INDA              3.0
US_10_JPST             18.0
US_10_QQQ               1.0
US_10_SCHF             20.0
US_10_VB                2.0
US_10_VTI               6.0
US_10_VTIP              3.0
US_10_VWO               6.0
US_10_XLE               2.0
2019-09-25 00:05:04,773 — TAA — INFO — hedging_live.py:80 — Hedging Info:
futures_level    17.2679
entry            15.5908
exit             20.9599
status           PARKING
action              NONE
2019-09-25 00:05:04,774 — TAA — INFO — hedging_live.py:83 — No trading signal.
2019-09-25 00:35:14,617 — TAA — INFO — taa_base.py:76 — Current Cash: 52.26 USD
2019-09-25 00:35:14,617 — TAA — INFO — taa_base.py:77 — Portfolio Value: 5067.68 USD
2019-09-25 00:35:14,619 — TAA — INFO — taa_base.py:78 — Account Position Info:
            holdingPosition
iuid                       
US_10_AGG               5.0
US_10_ASHR              9.0
US_10_EMB               2.0
US_10_GLD               1.0
US_10_HYG               3.0
US_10_INDA              3.0
US_10_JPST             18.0
US_10_QQQ               1.0
US_10_SCHF             20.0
US_10_VB                2.0
US_10_VTI               6.0
US_10_VTIP              3.0
US_10_VWO               6.0
US_10_XLE               2.0
2019-09-25 00:35:15,832 — TAA — INFO — hedging_live.py:80 — Hedging Info:
futures_level    17.6674
entry            15.5908
exit             20.9599
status           PARKING
action              NONE
2019-09-25 00:35:15,833 — TAA — INFO — hedging_live.py:83 — No trading signal.
2019-09-25 01:05:25,643 — TAA — INFO — taa_base.py:76 — Current Cash: 52.26 USD
2019-09-25 01:05:25,643 — TAA — INFO — taa_base.py:77 — Portfolio Value: 5064.92 USD
2019-09-25 01:05:25,645 — TAA — INFO — taa_base.py:78 — Account Position Info:
            holdingPosition
iuid                       
US_10_AGG               5.0
US_10_ASHR              9.0
US_10_EMB               2.0
US_10_GLD               1.0
US_10_HYG               3.0
US_10_INDA              3.0
US_10_JPST             18.0
US_10_QQQ               1.0
US_10_SCHF             20.0
US_10_VB                2.0
US_10_VTI               6.0
US_10_VTIP              3.0
US_10_VWO               6.0
US_10_XLE               2.0
2019-09-25 01:05:26,804 — TAA — INFO — hedging_live.py:80 — Hedging Info:
futures_level    17.8784
entry            15.5908
exit             20.9599
status           PARKING
action              NONE
2019-09-25 01:05:26,804 — TAA — INFO — hedging_live.py:83 — No trading signal.
2019-09-25 01:35:36,565 — TAA — INFO — taa_base.py:76 — Current Cash: 52.26 USD
2019-09-25 01:35:36,565 — TAA — INFO — taa_base.py:77 — Portfolio Value: 5064.89 USD
2019-09-25 01:35:36,567 — TAA — INFO — taa_base.py:78 — Account Position Info:
            holdingPosition
iuid                       
US_10_AGG               5.0
US_10_ASHR              9.0
US_10_EMB               2.0
US_10_GLD               1.0
US_10_HYG               3.0
US_10_INDA              3.0
US_10_JPST             18.0
US_10_QQQ               1.0
US_10_SCHF             20.0
US_10_VB                2.0
US_10_VTI               6.0
US_10_VTIP              3.0
US_10_VWO               6.0
US_10_XLE               2.0
2019-09-25 01:35:37,763 — TAA — INFO — hedging_live.py:80 — Hedging Info:
futures_level      17.75
entry            15.5908
exit             20.9599
status           PARKING
action              NONE
2019-09-25 01:35:37,763 — TAA — INFO — hedging_live.py:83 — No trading signal.
2019-09-25 02:05:47,541 — TAA — INFO — taa_base.py:76 — Current Cash: 52.26 USD
2019-09-25 02:05:47,541 — TAA — INFO — taa_base.py:77 — Portfolio Value: 5062.56 USD
2019-09-25 02:05:47,543 — TAA — INFO — taa_base.py:78 — Account Position Info:
            holdingPosition
iuid                       
US_10_AGG               5.0
US_10_ASHR              9.0
US_10_EMB               2.0
US_10_GLD               1.0
US_10_HYG               3.0
US_10_INDA              3.0
US_10_JPST             18.0
US_10_QQQ               1.0
US_10_SCHF             20.0
US_10_VB                2.0
US_10_VTI               6.0
US_10_VTIP              3.0
US_10_VWO               6.0
US_10_XLE               2.0
2019-09-25 02:05:48,680 — TAA — INFO — hedging_live.py:80 — Hedging Info:
futures_level    17.8284
entry            15.5908
exit             20.9599
status           PARKING
action              NONE
2019-09-25 02:05:48,681 — TAA — INFO — hedging_live.py:83 — No trading signal.
2019-09-25 02:35:58,463 — TAA — INFO — taa_base.py:76 — Current Cash: 52.26 USD
2019-09-25 02:35:58,463 — TAA — INFO — taa_base.py:77 — Portfolio Value: 5071.2 USD
2019-09-25 02:35:58,465 — TAA — INFO — taa_base.py:78 — Account Position Info:
            holdingPosition
iuid                       
US_10_AGG               5.0
US_10_ASHR              9.0
US_10_EMB               2.0
US_10_GLD               1.0
US_10_HYG               3.0
US_10_INDA              3.0
US_10_JPST             18.0
US_10_QQQ               1.0
US_10_SCHF             20.0
US_10_VB                2.0
US_10_VTI               6.0
US_10_VTIP              3.0
US_10_VWO               6.0
US_10_XLE               2.0
2019-09-25 02:35:59,630 — TAA — INFO — hedging_live.py:80 — Hedging Info:
futures_level    17.3421
entry            15.5908
exit             20.9599
status           PARKING
action              NONE
2019-09-25 02:35:59,631 — TAA — INFO — hedging_live.py:83 — No trading signal.
2019-09-25 03:06:09,437 — TAA — INFO — taa_base.py:76 — Current Cash: 52.26 USD
2019-09-25 03:06:09,437 — TAA — INFO — taa_base.py:77 — Portfolio Value: 5068.46 USD
2019-09-25 03:06:09,439 — TAA — INFO — taa_base.py:78 — Account Position Info:
            holdingPosition
iuid                       
US_10_AGG               5.0
US_10_ASHR              9.0
US_10_EMB               2.0
US_10_GLD               1.0
US_10_HYG               3.0
US_10_INDA              3.0
US_10_JPST             18.0
US_10_QQQ               1.0
US_10_SCHF             20.0
US_10_VB                2.0
US_10_VTI               6.0
US_10_VTIP              3.0
US_10_VWO               6.0
US_10_XLE               2.0
2019-09-25 03:06:10,640 — TAA — INFO — hedging_live.py:80 — Hedging Info:
futures_level      17.72
entry            15.5908
exit             20.9599
status           PARKING
action              NONE
2019-09-25 03:06:10,641 — TAA — INFO — hedging_live.py:83 — No trading signal.
2019-09-25 03:36:20,559 — TAA — INFO — taa_base.py:76 — Current Cash: 52.26 USD
2019-09-25 03:36:20,559 — TAA — INFO — taa_base.py:77 — Portfolio Value: 5064.16 USD
2019-09-25 03:36:20,561 — TAA — INFO — taa_base.py:78 — Account Position Info:
            holdingPosition
iuid                       
US_10_AGG               5.0
US_10_ASHR              9.0
US_10_EMB               2.0
US_10_GLD               1.0
US_10_HYG               3.0
US_10_INDA              3.0
US_10_JPST             18.0
US_10_QQQ               1.0
US_10_SCHF             20.0
US_10_VB                2.0
US_10_VTI               6.0
US_10_VTIP              3.0
US_10_VWO               6.0
US_10_XLE               2.0
2019-09-25 03:36:21,683 — TAA — INFO — hedging_live.py:80 — Hedging Info:
futures_level    18.1263
entry            15.5908
exit             20.9599
status           PARKING
action              NONE
2019-09-25 03:36:21,683 — TAA — INFO — hedging_live.py:83 — No trading signal.
2019-09-25 04:06:21,683 — TAA — INFO — main.py:33 — Market close.
2019-09-25 05:06:21,683 — TAA — INFO — main.py:33 — Market close.
2019-09-25 06:06:21,684 — TAA — INFO — main.py:33 — Market close.
2019-09-25 07:06:21,684 — TAA — INFO — main.py:33 — Market close.
2019-09-25 08:06:21,685 — TAA — INFO — main.py:33 — Market close.
2019-09-25 09:06:21,685 — TAA — INFO — main.py:33 — Market close.
2019-09-25 10:06:21,685 — TAA — INFO — main.py:33 — Market close.
2019-09-25 11:06:21,687 — TAA — INFO — main.py:33 — Market close.
2019-09-25 12:06:21,687 — TAA — INFO — main.py:33 — Market close.
2019-09-25 13:06:21,689 — TAA — INFO — main.py:33 — Market close.
2019-09-25 14:06:21,689 — TAA — INFO — main.py:33 — Market close.
2019-09-25 15:06:21,689 — TAA — INFO — main.py:33 — Market close.
2019-09-25 16:06:21,690 — TAA — INFO — main.py:33 — Market close.
2019-09-25 17:06:21,692 — TAA — INFO — main.py:33 — Market close.
2019-09-25 18:06:21,693 — TAA — INFO — main.py:33 — Market close.
2019-09-25 19:06:21,695 — TAA — INFO — main.py:33 — Market close.
2019-09-25 20:06:21,697 — TAA — INFO — main.py:33 — Market close.
2019-09-25 21:06:21,698 — TAA — INFO — main.py:33 — Market close.
2019-09-25 22:06:31,902 — TAA — INFO — taa_base.py:76 — Current Cash: 52.26 USD
2019-09-25 22:06:31,903 — TAA — INFO — taa_base.py:77 — Portfolio Value: 5050.79 USD
2019-09-25 22:06:31,911 — TAA — INFO — taa_base.py:78 — Account Position Info:
            holdingPosition
iuid                       
US_10_AGG               5.0
US_10_ASHR              9.0
US_10_EMB               2.0
US_10_GLD               1.0
US_10_HYG               3.0
US_10_INDA              3.0
US_10_JPST             18.0
US_10_QQQ               1.0
US_10_SCHF             20.0
US_10_VB                2.0
US_10_VTI               6.0
US_10_VTIP              3.0
US_10_VWO               6.0
US_10_XLE               2.0
2019-09-25 22:06:33,154 — TAA — INFO — hedging_live.py:80 — Hedging Info:
futures_level       18.4
entry            15.5908
exit             20.9599
status           PARKING
action              NONE
2019-09-25 22:06:33,154 — TAA — INFO — hedging_live.py:83 — No trading signal.
2019-09-25 22:36:42,952 — TAA — INFO — taa_base.py:76 — Current Cash: 52.26 USD
2019-09-25 22:36:42,952 — TAA — INFO — taa_base.py:77 — Portfolio Value: 5052.45 USD
2019-09-25 22:36:42,953 — TAA — INFO — taa_base.py:78 — Account Position Info:
            holdingPosition
iuid                       
US_10_AGG               5.0
US_10_ASHR              9.0
US_10_EMB               2.0
US_10_GLD               1.0
US_10_HYG               3.0
US_10_INDA              3.0
US_10_JPST             18.0
US_10_QQQ               1.0
US_10_SCHF             20.0
US_10_VB                2.0
US_10_VTI               6.0
US_10_VTIP              3.0
US_10_VWO               6.0
US_10_XLE               2.0
2019-09-25 22:36:44,175 — TAA — INFO — hedging_live.py:80 — Hedging Info:
futures_level    18.2368
entry            15.5908
exit             20.9599
status           PARKING
action              NONE
2019-09-25 22:36:44,175 — TAA — INFO — hedging_live.py:83 — No trading signal.
2019-09-25 23:06:54,321 — TAA — INFO — taa_base.py:76 — Current Cash: 52.26 USD
2019-09-25 23:06:54,321 — TAA — INFO — taa_base.py:77 — Portfolio Value: 5061.25 USD
2019-09-25 23:06:54,323 — TAA — INFO — taa_base.py:78 — Account Position Info:
            holdingPosition
iuid                       
US_10_AGG               5.0
US_10_ASHR              9.0
US_10_EMB               2.0
US_10_GLD               1.0
US_10_HYG               3.0
US_10_INDA              3.0
US_10_JPST             18.0
US_10_QQQ               1.0
US_10_SCHF             20.0
US_10_VB                2.0
US_10_VTI               6.0
US_10_VTIP              3.0
US_10_VWO               6.0
US_10_XLE               2.0
2019-09-25 23:06:55,496 — TAA — INFO — hedging_live.py:80 — Hedging Info:
futures_level    17.9579
entry            15.5908
exit             20.9599
status           PARKING
action              NONE
2019-09-25 23:06:55,496 — TAA — INFO — hedging_live.py:83 — No trading signal.
2019-09-25 23:37:05,547 — TAA — INFO — taa_base.py:76 — Current Cash: 52.26 USD
2019-09-25 23:37:05,547 — TAA — INFO — taa_base.py:77 — Portfolio Value: 5060.72 USD
2019-09-25 23:37:05,550 — TAA — INFO — taa_base.py:78 — Account Position Info:
            holdingPosition
iuid                       
US_10_AGG               5.0
US_10_ASHR              9.0
US_10_EMB               2.0
US_10_GLD               1.0
US_10_HYG               3.0
US_10_INDA              3.0
US_10_JPST             18.0
US_10_QQQ               1.0
US_10_SCHF             20.0
US_10_VB                2.0
US_10_VTI               6.0
US_10_VTIP              3.0
US_10_VWO               6.0
US_10_XLE               2.0
2019-09-25 23:37:06,775 — TAA — INFO — hedging_live.py:80 — Hedging Info:
futures_level    18.0858
entry            15.5908
exit             20.9599
status           PARKING
action              NONE
2019-09-25 23:37:06,776 — TAA — INFO — hedging_live.py:83 — No trading signal.
2019-09-26 00:07:16,744 — TAA — INFO — taa_base.py:76 — Current Cash: 52.26 USD
2019-09-26 00:07:16,744 — TAA — INFO — taa_base.py:77 — Portfolio Value: 5059.22 USD
2019-09-26 00:07:16,748 — TAA — INFO — taa_base.py:78 — Account Position Info:
            holdingPosition
iuid                       
US_10_AGG               5.0
US_10_ASHR              9.0
US_10_EMB               2.0
US_10_GLD               1.0
US_10_HYG               3.0
US_10_INDA              3.0
US_10_JPST             18.0
US_10_QQQ               1.0
US_10_SCHF             20.0
US_10_VB                2.0
US_10_VTI               6.0
US_10_VTIP              3.0
US_10_VWO               6.0
US_10_XLE               2.0
2019-09-26 00:07:19,117 — TAA — INFO — hedging_live.py:80 — Hedging Info:
futures_level    17.8268
entry             15.608
exit             20.9599
status           PARKING
action              NONE
2019-09-26 00:07:19,118 — TAA — INFO — hedging_live.py:83 — No trading signal.
2019-09-26 00:37:29,003 — TAA — INFO — taa_base.py:76 — Current Cash: 52.26 USD
2019-09-26 00:37:29,003 — TAA — INFO — taa_base.py:77 — Portfolio Value: 5060.45 USD
2019-09-26 00:37:29,005 — TAA — INFO — taa_base.py:78 — Account Position Info:
            holdingPosition
iuid                       
US_10_AGG               5.0
US_10_ASHR              9.0
US_10_EMB               2.0
US_10_GLD               1.0
US_10_HYG               3.0
US_10_INDA              3.0
US_10_JPST             18.0
US_10_QQQ               1.0
US_10_SCHF             20.0
US_10_VB                2.0
US_10_VTI               6.0
US_10_VTIP              3.0
US_10_VWO               6.0
US_10_XLE               2.0
2019-09-26 00:37:30,213 — TAA — INFO — hedging_live.py:80 — Hedging Info:
futures_level    17.8095
entry             15.608
exit             20.9599
status           PARKING
action              NONE
2019-09-26 00:37:30,214 — TAA — INFO — hedging_live.py:83 — No trading signal.
2019-09-26 01:07:40,123 — TAA — INFO — taa_base.py:76 — Current Cash: 52.26 USD
2019-09-26 01:07:40,124 — TAA — INFO — taa_base.py:77 — Portfolio Value: 5060.1 USD
2019-09-26 01:07:40,130 — TAA — INFO — taa_base.py:78 — Account Position Info:
            holdingPosition
iuid                       
US_10_AGG               5.0
US_10_ASHR              9.0
US_10_EMB               2.0
US_10_GLD               1.0
US_10_HYG               3.0
US_10_INDA              3.0
US_10_JPST             18.0
US_10_QQQ               1.0
US_10_SCHF             20.0
US_10_VB                2.0
US_10_VTI               6.0
US_10_VTIP              3.0
US_10_VWO               6.0
US_10_XLE               2.0
2019-09-26 01:07:41,368 — TAA — INFO — hedging_live.py:80 — Hedging Info:
futures_level    17.8437
entry             15.608
exit             20.9599
status           PARKING
action              NONE
2019-09-26 01:07:41,368 — TAA — INFO — hedging_live.py:83 — No trading signal.
2019-09-26 01:37:51,397 — TAA — INFO — taa_base.py:76 — Current Cash: 53.27 USD
2019-09-26 01:37:51,397 — TAA — INFO — taa_base.py:77 — Portfolio Value: 5061.41 USD
2019-09-26 01:37:51,400 — TAA — INFO — taa_base.py:78 — Account Position Info:
            holdingPosition
iuid                       
US_10_AGG               5.0
US_10_ASHR              9.0
US_10_EMB               2.0
US_10_GLD               1.0
US_10_HYG               3.0
US_10_INDA              3.0
US_10_JPST             18.0
US_10_QQQ               1.0
US_10_SCHF             20.0
US_10_VB                2.0
US_10_VTI               6.0
US_10_VTIP              3.0
US_10_VWO               6.0
US_10_XLE               2.0
2019-09-26 01:37:52,645 — TAA — INFO — hedging_live.py:80 — Hedging Info:
futures_level    17.8258
entry             15.608
exit             20.9599
status           PARKING
action              NONE
2019-09-26 01:37:52,645 — TAA — INFO — hedging_live.py:83 — No trading signal.
2019-09-26 02:08:02,648 — TAA — INFO — taa_base.py:76 — Current Cash: 53.27 USD
2019-09-26 02:08:02,648 — TAA — INFO — taa_base.py:77 — Portfolio Value: 5065.99 USD
2019-09-26 02:08:02,652 — TAA — INFO — taa_base.py:78 — Account Position Info:
            holdingPosition
iuid                       
US_10_AGG               5.0
US_10_ASHR              9.0
US_10_EMB               2.0
US_10_GLD               1.0
US_10_HYG               3.0
US_10_INDA              3.0
US_10_JPST             18.0
US_10_QQQ               1.0
US_10_SCHF             20.0
US_10_VB                2.0
US_10_VTI               6.0
US_10_VTIP              3.0
US_10_VWO               6.0
US_10_XLE               2.0
2019-09-26 02:08:03,913 — TAA — INFO — hedging_live.py:80 — Hedging Info:
futures_level    17.6542
entry             15.608
exit             20.9599
status           PARKING
action              NONE
2019-09-26 02:08:03,913 — TAA — INFO — hedging_live.py:83 — No trading signal.
2019-09-26 02:38:13,802 — TAA — INFO — taa_base.py:76 — Current Cash: 53.27 USD
2019-09-26 02:38:13,803 — TAA — INFO — taa_base.py:77 — Portfolio Value: 5067.44 USD
2019-09-26 02:38:13,808 — TAA — INFO — taa_base.py:78 — Account Position Info:
            holdingPosition
iuid                       
US_10_AGG               5.0
US_10_ASHR              9.0
US_10_EMB               2.0
US_10_GLD               1.0
US_10_HYG               3.0
US_10_INDA              3.0
US_10_JPST             18.0
US_10_QQQ               1.0
US_10_SCHF             20.0
US_10_VB                2.0
US_10_VTI               6.0
US_10_VTIP              3.0
US_10_VWO               6.0
US_10_XLE               2.0
2019-09-26 02:38:15,048 — TAA — INFO — hedging_live.py:80 — Hedging Info:
futures_level    17.7105
entry             15.608
exit             20.9599
status           PARKING
action              NONE
2019-09-26 02:38:15,049 — TAA — INFO — hedging_live.py:83 — No trading signal.
2019-09-26 03:08:24,840 — TAA — INFO — taa_base.py:76 — Current Cash: 53.27 USD
2019-09-26 03:08:24,840 — TAA — INFO — taa_base.py:77 — Portfolio Value: 5070.67 USD
2019-09-26 03:08:24,846 — TAA — INFO — taa_base.py:78 — Account Position Info:
            holdingPosition
iuid                       
US_10_AGG               5.0
US_10_ASHR              9.0
US_10_EMB               2.0
US_10_GLD               1.0
US_10_HYG               3.0
US_10_INDA              3.0
US_10_JPST             18.0
US_10_QQQ               1.0
US_10_SCHF             20.0
US_10_VB                2.0
US_10_VTI               6.0
US_10_VTIP              3.0
US_10_VWO               6.0
US_10_XLE               2.0
2019-09-26 03:08:26,059 — TAA — INFO — hedging_live.py:80 — Hedging Info:
futures_level    17.7063
entry             15.608
exit             20.9599
status           PARKING
action              NONE
2019-09-26 03:08:26,059 — TAA — INFO — hedging_live.py:83 — No trading signal.
2019-09-26 03:38:35,991 — TAA — INFO — taa_base.py:76 — Current Cash: 53.27 USD
2019-09-26 03:38:35,991 — TAA — INFO — taa_base.py:77 — Portfolio Value: 5071.04 USD
2019-09-26 03:38:35,993 — TAA — INFO — taa_base.py:78 — Account Position Info:
            holdingPosition
iuid                       
US_10_AGG               5.0
US_10_ASHR              9.0
US_10_EMB               2.0
US_10_GLD               1.0
US_10_HYG               3.0
US_10_INDA              3.0
US_10_JPST             18.0
US_10_QQQ               1.0
US_10_SCHF             20.0
US_10_VB                2.0
US_10_VTI               6.0
US_10_VTIP              3.0
US_10_VWO               6.0
US_10_XLE               2.0
2019-09-26 03:38:37,223 — TAA — INFO — hedging_live.py:80 — Hedging Info:
futures_level    17.4816
entry             15.608
exit             20.9599
status           PARKING
action              NONE
2019-09-26 03:38:37,223 — TAA — INFO — hedging_live.py:83 — No trading signal.
2019-09-26 04:08:37,223 — TAA — INFO — main.py:33 — Market close.
2019-09-26 05:08:37,223 — TAA — INFO — main.py:33 — Market close.
2019-09-26 06:08:37,224 — TAA — INFO — main.py:33 — Market close.
2019-09-26 07:08:37,225 — TAA — INFO — main.py:33 — Market close.
2019-09-26 08:08:37,227 — TAA — INFO — main.py:33 — Market close.
2019-09-26 09:08:37,227 — TAA — INFO — main.py:33 — Market close.
2019-09-26 10:08:37,227 — TAA — INFO — main.py:33 — Market close.
2019-09-26 11:08:37,227 — TAA — INFO — main.py:33 — Market close.
2019-09-26 12:08:37,227 — TAA — INFO — main.py:33 — Market close.
2019-09-26 13:08:37,228 — TAA — INFO — main.py:33 — Market close.
2019-09-26 14:08:37,228 — TAA — INFO — main.py:33 — Market close.
2019-09-26 15:08:37,230 — TAA — INFO — main.py:33 — Market close.
