2019-11-11 22:30:17,439 — TAA — INFO — hedging_live.py:51 — Logger Initialized.
2019-11-11 22:30:26,951 — TAA — INFO — taa_base.py:77 — Current Cash: 78.07 USD
2019-11-11 22:30:26,952 — TAA — INFO — taa_base.py:78 — Portfolio Value: 5147.0 USD
2019-11-11 22:30:26,954 — TAA — INFO — taa_base.py:79 — Account Position Info:
            holdingPosition
iuid                       
US_10_AGG               5.0
US_10_ASHR              9.0
US_10_EMB               2.0
US_10_GLD               1.0
US_10_HYG               3.0
US_10_INDA              3.0
US_10_JPST             13.0
US_10_QQQ               1.0
US_10_SCHF             20.0
US_10_VB                2.0
US_10_VTI               6.0
US_10_VTIP              3.0
US_10_VWO               6.0
US_10_VXX              12.0
US_10_XLE               2.0
2019-11-11 22:30:32,874 — TAA — INFO — hedging_live.py:80 — Hedging Info:
futures_level    15.8333
entry            15.7729
exit             20.6965
status           HEDGING
action              NONE
2019-11-11 22:30:32,875 — TAA — INFO — hedging_live.py:83 — No trading signal.
2019-11-11 23:00:42,363 — TAA — INFO — taa_base.py:77 — Current Cash: 78.07 USD
2019-11-11 23:00:42,363 — TAA — INFO — taa_base.py:78 — Portfolio Value: 5149.57 USD
2019-11-11 23:00:42,367 — TAA — INFO — taa_base.py:79 — Account Position Info:
            holdingPosition
iuid                       
US_10_AGG               5.0
US_10_ASHR              9.0
US_10_EMB               2.0
US_10_GLD               1.0
US_10_HYG               3.0
US_10_INDA              3.0
US_10_JPST             13.0
US_10_QQQ               1.0
US_10_SCHF             20.0
US_10_VB                2.0
US_10_VTI               6.0
US_10_VTIP              3.0
US_10_VWO               6.0
US_10_VXX              12.0
US_10_XLE               2.0
2019-11-11 23:00:43,504 — TAA — INFO — hedging_live.py:80 — Hedging Info:
futures_level    15.6687
entry            15.7729
exit             20.6965
status           HEDGING
action              NONE
2019-11-11 23:00:43,505 — TAA — INFO — hedging_live.py:83 — No trading signal.
