2019-10-03 18:32:05,521 — TAA — INFO — hedging_live.py:51 — Logger Initialized.
2019-10-03 18:32:05,600 — TAA — INFO — main.py:33 — Market close.
2019-10-03 19:32:05,600 — TAA — INFO — main.py:33 — Market close.
2019-10-03 20:32:05,600 — TAA — INFO — main.py:33 — Market close.
2019-10-03 21:32:15,626 — TAA — INFO — taa_base.py:76 — Current Cash: 57.26 USD
2019-10-03 21:32:15,626 — TAA — INFO — taa_base.py:77 — Portfolio Value: 4978.64 USD
2019-10-03 21:32:15,633 — TAA — INFO — taa_base.py:78 — Account Position Info:
            holdingPosition
iuid                       
US_10_AGG               5.0
US_10_ASHR              9.0
US_10_EMB               2.0
US_10_GLD               1.0
US_10_HYG               3.0
US_10_INDA              3.0
US_10_JPST             18.0
US_10_QQQ               1.0
US_10_SCHF             20.0
US_10_VB                2.0
US_10_VTI               6.0
US_10_VTIP              3.0
US_10_VWO               6.0
US_10_XLE               2.0
2019-10-03 21:32:16,901 — TAA — INFO — hedging_live.py:80 — Hedging Info:
futures_level    19.9395
entry            15.6888
exit             20.9599
status           PARKING
action              NONE
2019-10-03 21:32:16,901 — TAA — INFO — hedging_live.py:83 — No trading signal.
2019-10-03 22:02:26,956 — TAA — INFO — taa_base.py:76 — Current Cash: 57.26 USD
2019-10-03 22:02:26,956 — TAA — INFO — taa_base.py:77 — Portfolio Value: 4969.81 USD
2019-10-03 22:02:26,958 — TAA — INFO — taa_base.py:78 — Account Position Info:
            holdingPosition
iuid                       
US_10_AGG               5.0
US_10_ASHR              9.0
US_10_EMB               2.0
US_10_GLD               1.0
US_10_HYG               3.0
US_10_INDA              3.0
US_10_JPST             18.0
US_10_QQQ               1.0
US_10_SCHF             20.0
US_10_VB                2.0
US_10_VTI               6.0
US_10_VTIP              3.0
US_10_VWO               6.0
US_10_XLE               2.0
2019-10-03 22:02:28,152 — TAA — INFO — hedging_live.py:80 — Hedging Info:
futures_level    20.4053
entry            15.6888
exit             20.9599
status           PARKING
action              NONE
2019-10-03 22:02:28,152 — TAA — INFO — hedging_live.py:83 — No trading signal.
2019-10-03 22:32:38,101 — TAA — INFO — taa_base.py:76 — Current Cash: 57.26 USD
2019-10-03 22:32:38,102 — TAA — INFO — taa_base.py:77 — Portfolio Value: 4981.07 USD
2019-10-03 22:32:38,109 — TAA — INFO — taa_base.py:78 — Account Position Info:
            holdingPosition
iuid                       
US_10_AGG               5.0
US_10_ASHR              9.0
US_10_EMB               2.0
US_10_GLD               1.0
US_10_HYG               3.0
US_10_INDA              3.0
US_10_JPST             18.0
US_10_QQQ               1.0
US_10_SCHF             20.0
US_10_VB                2.0
US_10_VTI               6.0
US_10_VTIP              3.0
US_10_VWO               6.0
US_10_XLE               2.0
2019-10-03 22:32:39,045 — TAA — INFO — hedging_live.py:80 — Hedging Info:
futures_level    20.0526
entry            15.6888
exit             20.9599
status           PARKING
action              NONE
2019-10-03 22:32:39,045 — TAA — INFO — hedging_live.py:83 — No trading signal.
2019-10-03 23:02:49,054 — TAA — INFO — taa_base.py:76 — Current Cash: 57.26 USD
2019-10-03 23:02:49,054 — TAA — INFO — taa_base.py:77 — Portfolio Value: 4986.8 USD
2019-10-03 23:02:49,056 — TAA — INFO — taa_base.py:78 — Account Position Info:
            holdingPosition
iuid                       
US_10_AGG               5.0
US_10_ASHR              9.0
US_10_EMB               2.0
US_10_GLD               1.0
US_10_HYG               3.0
US_10_INDA              3.0
US_10_JPST             18.0
US_10_QQQ               1.0
US_10_SCHF             20.0
US_10_VB                2.0
US_10_VTI               6.0
US_10_VTIP              3.0
US_10_VWO               6.0
US_10_XLE               2.0
