2019-11-13 22:41:11,107 — TAA — INFO — hedging_live.py:51 — Logger Initialized.
2019-11-13 22:41:22,913 — TAA — INFO — taa_base.py:77 — Current Cash: 78.07 USD
2019-11-13 22:41:22,913 — TAA — INFO — taa_base.py:78 — Portfolio Value: 5134.91 USD
2019-11-13 22:41:22,918 — TAA — INFO — taa_base.py:79 — Account Position Info:
            holdingPosition
iuid                       
US_10_AGG               5.0
US_10_ASHR              9.0
US_10_EMB               2.0
US_10_GLD               1.0
US_10_HYG               3.0
US_10_INDA              3.0
US_10_JPST             13.0
US_10_QQQ               1.0
US_10_SCHF             20.0
US_10_VB                2.0
US_10_VTI               6.0
US_10_VTIP              3.0
US_10_VWO               6.0
US_10_VXX              12.0
US_10_XLE               2.0
2019-11-13 22:41:24,105 — TAA — INFO — hedging_live.py:80 — Hedging Info:
futures_level    15.4804
entry            15.7382
exit             20.6965
status           HEDGING
action              NONE
2019-11-13 22:41:24,106 — TAA — INFO — hedging_live.py:83 — No trading signal.
2019-11-13 23:11:34,138 — TAA — INFO — taa_base.py:77 — Current Cash: 78.07 USD
2019-11-13 23:11:34,138 — TAA — INFO — taa_base.py:78 — Portfolio Value: 5136.42 USD
2019-11-13 23:11:34,140 — TAA — INFO — taa_base.py:79 — Account Position Info:
            holdingPosition
iuid                       
US_10_AGG               5.0
US_10_ASHR              9.0
US_10_EMB               2.0
US_10_GLD               1.0
US_10_HYG               3.0
US_10_INDA              3.0
US_10_JPST             13.0
US_10_QQQ               1.0
US_10_SCHF             20.0
US_10_VB                2.0
US_10_VTI               6.0
US_10_VTIP              3.0
US_10_VWO               6.0
US_10_VXX              12.0
US_10_XLE               2.0
2019-11-13 23:11:35,303 — TAA — INFO — hedging_live.py:80 — Hedging Info:
futures_level    15.4162
entry            15.7382
exit             20.6965
status           HEDGING
action              NONE
2019-11-13 23:11:35,303 — TAA — INFO — hedging_live.py:83 — No trading signal.
