2019-09-11 22:41:32,469 — TAA — INFO — hedging_live.py:49 — Logger Initialized.
2019-09-11 22:41:41,876 — TAA — INFO — taa_base.py:75 — Current Cash: 47.67 USD
2019-09-11 22:41:41,876 — TAA — INFO — taa_base.py:76 — Portfolio Value: 5076.84 USD
2019-09-11 22:41:41,882 — TAA — INFO — taa_base.py:77 — Account Position Info:
            holdingPosition
iuid                       
US_10_AGG               5.0
US_10_ASHR              9.0
US_10_EMB               2.0
US_10_GLD               1.0
US_10_HYG               3.0
US_10_INDA              3.0
US_10_JPST             18.0
US_10_QQQ               1.0
US_10_SCHF             20.0
US_10_VB                2.0
US_10_VTI               6.0
US_10_VTIP              3.0
US_10_VWO               6.0
US_10_XLE               2.0
2019-09-11 22:41:43,184 — TAA — INFO — hedging_live.py:77 — Hedging Info:
futures_level      17.01
entry            20.9599
exit             16.1303
status           PARKING
action               BUY
2019-09-11 22:46:46,087 — TAA — INFO — hedging_live.py:83 — Target Positions:
         iuid symbol target_weight  target_position
0  US_10_JPST   None          None             13.0
1   US_10_SHV   None          None              2.0
2019-09-11 22:46:46,175 — TAA — INFO — hedging_live.py:85 — Target position file uploaded to OSS.
