2019-11-25 23:06:46,014 — TAA — INFO — hedging_live.py:51 — Logger Initialized.
2019-11-25 23:06:53,881 — TAA — INFO — taa_base.py:77 — Current Cash: 78.07 USD
2019-11-25 23:06:53,881 — TAA — INFO — taa_base.py:78 — Portfolio Value: 5152.5 USD
2019-11-25 23:06:53,885 — TAA — INFO — taa_base.py:79 — Account Position Info:
            holdingPosition
iuid                       
US_10_AGG               5.0
US_10_ASHR              9.0
US_10_EMB               2.0
US_10_GLD               1.0
US_10_HYG               3.0
US_10_INDA              3.0
US_10_JPST             13.0
US_10_QQQ               1.0
US_10_SCHF             20.0
US_10_VB                2.0
US_10_VTI               6.0
US_10_VTIP              3.0
US_10_VWO               6.0
US_10_VXX              12.0
US_10_XLE               2.0
2019-11-25 23:06:56,285 — TAA — INFO — hedging_live.py:80 — Hedging Info:
futures_level    14.5905
entry            15.6603
exit             20.6965
status           HEDGING
action              NONE
2019-11-25 23:06:56,285 — TAA — INFO — hedging_live.py:83 — No trading signal.
2019-11-25 23:37:02,781 — TAA — INFO — taa_base.py:77 — Current Cash: 78.07 USD
2019-11-25 23:37:02,781 — TAA — INFO — taa_base.py:78 — Portfolio Value: 5154.98 USD
2019-11-25 23:37:02,789 — TAA — INFO — taa_base.py:79 — Account Position Info:
            holdingPosition
iuid                       
US_10_AGG               5.0
US_10_ASHR              9.0
US_10_EMB               2.0
US_10_GLD               1.0
US_10_HYG               3.0
US_10_INDA              3.0
US_10_JPST             13.0
US_10_QQQ               1.0
US_10_SCHF             20.0
US_10_VB                2.0
US_10_VTI               6.0
US_10_VTIP              3.0
US_10_VWO               6.0
US_10_VXX              12.0
US_10_XLE               2.0
2019-11-25 23:37:03,890 — TAA — INFO — hedging_live.py:80 — Hedging Info:
futures_level    14.5158
entry            15.6603
exit             20.6965
status           HEDGING
action              NONE
2019-11-25 23:37:03,890 — TAA — INFO — hedging_live.py:83 — No trading signal.
2019-11-26 00:07:10,383 — TAA — INFO — taa_base.py:77 — Current Cash: 78.07 USD
2019-11-26 00:07:10,384 — TAA — INFO — taa_base.py:78 — Portfolio Value: 5153.63 USD
2019-11-26 00:07:10,391 — TAA — INFO — taa_base.py:79 — Account Position Info:
            holdingPosition
iuid                       
US_10_AGG               5.0
US_10_ASHR              9.0
US_10_EMB               2.0
US_10_GLD               1.0
US_10_HYG               3.0
US_10_INDA              3.0
US_10_JPST             13.0
US_10_QQQ               1.0
US_10_SCHF             20.0
US_10_VB                2.0
US_10_VTI               6.0
US_10_VTIP              3.0
US_10_VWO               6.0
US_10_VXX              12.0
US_10_XLE               2.0
2019-11-26 00:07:12,842 — TAA — INFO — hedging_live.py:80 — Hedging Info:
futures_level    14.5711
entry            15.6282
exit             20.6965
status           HEDGING
action              NONE
2019-11-26 00:07:12,842 — TAA — INFO — hedging_live.py:83 — No trading signal.
2019-11-26 00:37:19,249 — TAA — INFO — taa_base.py:77 — Current Cash: 78.07 USD
2019-11-26 00:37:19,250 — TAA — INFO — taa_base.py:78 — Portfolio Value: 5153.32 USD
2019-11-26 00:37:19,254 — TAA — INFO — taa_base.py:79 — Account Position Info:
            holdingPosition
iuid                       
US_10_AGG               5.0
US_10_ASHR              9.0
US_10_EMB               2.0
US_10_GLD               1.0
US_10_HYG               3.0
US_10_INDA              3.0
US_10_JPST             13.0
US_10_QQQ               1.0
US_10_SCHF             20.0
US_10_VB                2.0
US_10_VTI               6.0
US_10_VTIP              3.0
US_10_VWO               6.0
US_10_VXX              12.0
US_10_XLE               2.0
2019-11-26 00:37:20,370 — TAA — INFO — hedging_live.py:80 — Hedging Info:
futures_level    14.5211
entry            15.6282
exit             20.6965
status           HEDGING
action              NONE
2019-11-26 00:37:20,370 — TAA — INFO — hedging_live.py:83 — No trading signal.
2019-11-26 01:07:26,778 — TAA — INFO — taa_base.py:77 — Current Cash: 78.07 USD
2019-11-26 01:07:26,779 — TAA — INFO — taa_base.py:78 — Portfolio Value: 5153.64 USD
2019-11-26 01:07:26,786 — TAA — INFO — taa_base.py:79 — Account Position Info:
            holdingPosition
iuid                       
US_10_AGG               5.0
US_10_ASHR              9.0
US_10_EMB               2.0
US_10_GLD               1.0
US_10_HYG               3.0
US_10_INDA              3.0
US_10_JPST             13.0
US_10_QQQ               1.0
US_10_SCHF             20.0
US_10_VB                2.0
US_10_VTI               6.0
US_10_VTIP              3.0
US_10_VWO               6.0
US_10_VXX              12.0
US_10_XLE               2.0
2019-11-26 01:07:27,937 — TAA — INFO — hedging_live.py:80 — Hedging Info:
futures_level    14.5211
entry            15.6282
exit             20.6965
status           HEDGING
action              NONE
2019-11-26 01:07:27,938 — TAA — INFO — hedging_live.py:83 — No trading signal.
2019-11-26 01:37:34,414 — TAA — INFO — taa_base.py:77 — Current Cash: 78.07 USD
2019-11-26 01:37:34,414 — TAA — INFO — taa_base.py:78 — Portfolio Value: 5153.17 USD
2019-11-26 01:37:34,422 — TAA — INFO — taa_base.py:79 — Account Position Info:
            holdingPosition
iuid                       
US_10_AGG               5.0
US_10_ASHR              9.0
US_10_EMB               2.0
US_10_GLD               1.0
US_10_HYG               3.0
US_10_INDA              3.0
US_10_JPST             13.0
US_10_QQQ               1.0
US_10_SCHF             20.0
US_10_VB                2.0
US_10_VTI               6.0
US_10_VTIP              3.0
US_10_VWO               6.0
US_10_VXX              12.0
US_10_XLE               2.0
2019-11-26 01:37:35,579 — TAA — INFO — hedging_live.py:80 — Hedging Info:
futures_level    14.4763
entry            15.6282
exit             20.6965
status           HEDGING
action              NONE
2019-11-26 01:37:35,579 — TAA — INFO — hedging_live.py:83 — No trading signal.
2019-11-26 02:07:42,175 — TAA — INFO — taa_base.py:77 — Current Cash: 78.07 USD
2019-11-26 02:07:42,175 — TAA — INFO — taa_base.py:78 — Portfolio Value: 5154.32 USD
2019-11-26 02:07:42,180 — TAA — INFO — taa_base.py:79 — Account Position Info:
            holdingPosition
iuid                       
US_10_AGG               5.0
US_10_ASHR              9.0
US_10_EMB               2.0
US_10_GLD               1.0
US_10_HYG               3.0
US_10_INDA              3.0
US_10_JPST             13.0
US_10_QQQ               1.0
US_10_SCHF             20.0
US_10_VB                2.0
US_10_VTI               6.0
US_10_VTIP              3.0
US_10_VWO               6.0
US_10_VXX              12.0
US_10_XLE               2.0
2019-11-26 02:07:43,332 — TAA — INFO — hedging_live.py:80 — Hedging Info:
futures_level    14.5158
entry            15.6282
exit             20.6965
status           HEDGING
action              NONE
2019-11-26 02:07:43,333 — TAA — INFO — hedging_live.py:83 — No trading signal.
2019-11-26 02:37:49,749 — TAA — INFO — taa_base.py:77 — Current Cash: 78.07 USD
2019-11-26 02:37:49,749 — TAA — INFO — taa_base.py:78 — Portfolio Value: 5153.85 USD
2019-11-26 02:37:49,753 — TAA — INFO — taa_base.py:79 — Account Position Info:
            holdingPosition
iuid                       
US_10_AGG               5.0
US_10_ASHR              9.0
US_10_EMB               2.0
US_10_GLD               1.0
US_10_HYG               3.0
US_10_INDA              3.0
US_10_JPST             13.0
US_10_QQQ               1.0
US_10_SCHF             20.0
US_10_VB                2.0
US_10_VTI               6.0
US_10_VTIP              3.0
US_10_VWO               6.0
US_10_VXX              12.0
US_10_XLE               2.0
2019-11-26 02:37:50,862 — TAA — INFO — hedging_live.py:80 — Hedging Info:
futures_level    14.4632
entry            15.6282
exit             20.6965
status           HEDGING
action              NONE
2019-11-26 02:37:50,863 — TAA — INFO — hedging_live.py:83 — No trading signal.
2019-11-26 03:07:57,269 — TAA — INFO — taa_base.py:77 — Current Cash: 78.07 USD
2019-11-26 03:07:57,269 — TAA — INFO — taa_base.py:78 — Portfolio Value: 5153.57 USD
2019-11-26 03:07:57,276 — TAA — INFO — taa_base.py:79 — Account Position Info:
            holdingPosition
iuid                       
US_10_AGG               5.0
US_10_ASHR              9.0
US_10_EMB               2.0
US_10_GLD               1.0
US_10_HYG               3.0
US_10_INDA              3.0
US_10_JPST             13.0
US_10_QQQ               1.0
US_10_SCHF             20.0
US_10_VB                2.0
US_10_VTI               6.0
US_10_VTIP              3.0
US_10_VWO               6.0
US_10_VXX              12.0
US_10_XLE               2.0
2019-11-26 03:07:58,408 — TAA — INFO — hedging_live.py:80 — Hedging Info:
futures_level    14.4263
entry            15.6282
exit             20.6965
status           HEDGING
action              NONE
2019-11-26 03:07:58,408 — TAA — INFO — hedging_live.py:83 — No trading signal.
2019-11-26 03:38:04,784 — TAA — INFO — taa_base.py:77 — Current Cash: 78.07 USD
2019-11-26 03:38:04,784 — TAA — INFO — taa_base.py:78 — Portfolio Value: 5152.79 USD
2019-11-26 03:38:04,789 — TAA — INFO — taa_base.py:79 — Account Position Info:
            holdingPosition
iuid                       
US_10_AGG               5.0
US_10_ASHR              9.0
US_10_EMB               2.0
US_10_GLD               1.0
US_10_HYG               3.0
US_10_INDA              3.0
US_10_JPST             13.0
US_10_QQQ               1.0
US_10_SCHF             20.0
US_10_VB                2.0
US_10_VTI               6.0
US_10_VTIP              3.0
US_10_VWO               6.0
US_10_VXX              12.0
US_10_XLE               2.0
2019-11-26 03:38:06,131 — TAA — INFO — hedging_live.py:80 — Hedging Info:
futures_level    14.4284
entry            15.6282
exit             20.6965
status           HEDGING
action              NONE
2019-11-26 03:38:06,132 — TAA — INFO — hedging_live.py:83 — No trading signal.
2019-11-26 04:08:12,559 — TAA — INFO — taa_base.py:77 — Current Cash: 78.07 USD
2019-11-26 04:08:12,559 — TAA — INFO — taa_base.py:78 — Portfolio Value: 5152.83 USD
2019-11-26 04:08:12,566 — TAA — INFO — taa_base.py:79 — Account Position Info:
            holdingPosition
iuid                       
US_10_AGG               5.0
US_10_ASHR              9.0
US_10_EMB               2.0
US_10_GLD               1.0
US_10_HYG               3.0
US_10_INDA              3.0
US_10_JPST             13.0
US_10_QQQ               1.0
US_10_SCHF             20.0
US_10_VB                2.0
US_10_VTI               6.0
US_10_VTIP              3.0
US_10_VWO               6.0
US_10_VXX              12.0
US_10_XLE               2.0
2019-11-26 04:08:13,707 — TAA — INFO — hedging_live.py:80 — Hedging Info:
futures_level    14.4042
entry            15.6282
exit             20.6965
status           HEDGING
action              NONE
2019-11-26 04:08:13,707 — TAA — INFO — hedging_live.py:83 — No trading signal.
2019-11-26 04:38:20,132 — TAA — INFO — taa_base.py:77 — Current Cash: 78.07 USD
2019-11-26 04:38:20,132 — TAA — INFO — taa_base.py:78 — Portfolio Value: 5153.83 USD
2019-11-26 04:38:20,136 — TAA — INFO — taa_base.py:79 — Account Position Info:
            holdingPosition
iuid                       
US_10_AGG               5.0
US_10_ASHR              9.0
US_10_EMB               2.0
US_10_GLD               1.0
US_10_HYG               3.0
US_10_INDA              3.0
US_10_JPST             13.0
US_10_QQQ               1.0
US_10_SCHF             20.0
US_10_VB                2.0
US_10_VTI               6.0
US_10_VTIP              3.0
US_10_VWO               6.0
US_10_VXX              12.0
US_10_XLE               2.0
2019-11-26 04:38:21,254 — TAA — INFO — hedging_live.py:80 — Hedging Info:
futures_level    14.4053
entry            15.6282
exit             20.6965
status           HEDGING
action              NONE
2019-11-26 04:38:21,254 — TAA — INFO — hedging_live.py:83 — No trading signal.
2019-11-26 05:08:21,255 — TAA — INFO — main.py:33 — Market close.
2019-11-26 06:08:21,255 — TAA — INFO — main.py:33 — Market close.
2019-11-26 07:08:21,256 — TAA — INFO — main.py:33 — Market close.
2019-11-26 08:08:21,257 — TAA — INFO — main.py:33 — Market close.
2019-11-26 09:08:21,257 — TAA — INFO — main.py:33 — Market close.
