2019-10-08 20:51:15,273 — TAA — INFO — hedging_live.py:51 — Logger Initialized.
2019-10-08 20:51:16,925 — TAA — INFO — main.py:33 — Market close.
2019-10-08 21:51:27,136 — TAA — INFO — taa_base.py:76 — Current Cash: 61.8 USD
2019-10-08 21:51:27,136 — TAA — INFO — taa_base.py:77 — Portfolio Value: 4997.75 USD
2019-10-08 21:51:27,139 — TAA — INFO — taa_base.py:78 — Account Position Info:
            holdingPosition
iuid                       
US_10_AGG               5.0
US_10_ASHR              9.0
US_10_EMB               2.0
US_10_GLD               1.0
US_10_HYG               3.0
US_10_INDA              3.0
US_10_JPST             18.0
US_10_QQQ               1.0
US_10_SCHF             20.0
US_10_VB                2.0
US_10_VTI               6.0
US_10_VTIP              3.0
US_10_VWO               6.0
US_10_XLE               2.0
2019-10-08 21:51:29,085 — TAA — INFO — hedging_live.py:80 — Hedging Info:
futures_level    19.4026
entry            15.7266
exit             20.9599
status           PARKING
action              NONE
2019-10-08 21:51:29,085 — TAA — INFO — hedging_live.py:83 — No trading signal.
2019-10-08 22:21:39,056 — TAA — INFO — taa_base.py:76 — Current Cash: 61.8 USD
2019-10-08 22:21:39,056 — TAA — INFO — taa_base.py:77 — Portfolio Value: 4996.07 USD
2019-10-08 22:21:39,058 — TAA — INFO — taa_base.py:78 — Account Position Info:
            holdingPosition
iuid                       
US_10_AGG               5.0
US_10_ASHR              9.0
US_10_EMB               2.0
US_10_GLD               1.0
US_10_HYG               3.0
US_10_INDA              3.0
US_10_JPST             18.0
US_10_QQQ               1.0
US_10_SCHF             20.0
US_10_VB                2.0
US_10_VTI               6.0
US_10_VTIP              3.0
US_10_VWO               6.0
US_10_XLE               2.0
2019-10-08 22:21:40,185 — TAA — INFO — hedging_live.py:80 — Hedging Info:
futures_level    19.3684
entry            15.7266
exit             20.9599
status           PARKING
action              NONE
2019-10-08 22:21:40,185 — TAA — INFO — hedging_live.py:83 — No trading signal.
2019-10-08 22:51:50,101 — TAA — INFO — taa_base.py:76 — Current Cash: 61.8 USD
2019-10-08 22:51:50,101 — TAA — INFO — taa_base.py:77 — Portfolio Value: 4992.73 USD
2019-10-08 22:51:50,103 — TAA — INFO — taa_base.py:78 — Account Position Info:
            holdingPosition
iuid                       
US_10_AGG               5.0
US_10_ASHR              9.0
US_10_EMB               2.0
US_10_GLD               1.0
US_10_HYG               3.0
US_10_INDA              3.0
US_10_JPST             18.0
US_10_QQQ               1.0
US_10_SCHF             20.0
US_10_VB                2.0
US_10_VTI               6.0
US_10_VTIP              3.0
US_10_VWO               6.0
US_10_XLE               2.0
2019-10-08 22:51:51,213 — TAA — INFO — hedging_live.py:80 — Hedging Info:
futures_level    19.4842
entry            15.7266
exit             20.9599
status           PARKING
action              NONE
2019-10-08 22:51:51,214 — TAA — INFO — hedging_live.py:83 — No trading signal.
2019-10-08 23:22:01,263 — TAA — INFO — taa_base.py:76 — Current Cash: 61.8 USD
2019-10-08 23:22:01,263 — TAA — INFO — taa_base.py:77 — Portfolio Value: 4995.98 USD
2019-10-08 23:22:01,265 — TAA — INFO — taa_base.py:78 — Account Position Info:
            holdingPosition
iuid                       
US_10_AGG               5.0
US_10_ASHR              9.0
US_10_EMB               2.0
US_10_GLD               1.0
US_10_HYG               3.0
US_10_INDA              3.0
US_10_JPST             18.0
US_10_QQQ               1.0
US_10_SCHF             20.0
US_10_VB                2.0
US_10_VTI               6.0
US_10_VTIP              3.0
US_10_VWO               6.0
US_10_XLE               2.0
2019-10-08 23:22:02,406 — TAA — INFO — hedging_live.py:80 — Hedging Info:
futures_level    19.3721
entry            15.7266
exit             20.9599
status           PARKING
action              NONE
2019-10-08 23:22:02,407 — TAA — INFO — hedging_live.py:83 — No trading signal.
2019-10-08 23:52:12,396 — TAA — INFO — taa_base.py:76 — Current Cash: 61.8 USD
2019-10-08 23:52:12,396 — TAA — INFO — taa_base.py:77 — Portfolio Value: 4989.44 USD
2019-10-08 23:52:12,397 — TAA — INFO — taa_base.py:78 — Account Position Info:
            holdingPosition
iuid                       
US_10_AGG               5.0
US_10_ASHR              9.0
US_10_EMB               2.0
US_10_GLD               1.0
US_10_HYG               3.0
US_10_INDA              3.0
US_10_JPST             18.0
US_10_QQQ               1.0
US_10_SCHF             20.0
US_10_VB                2.0
US_10_VTI               6.0
US_10_VTIP              3.0
US_10_VWO               6.0
US_10_XLE               2.0
2019-10-08 23:52:13,496 — TAA — INFO — hedging_live.py:80 — Hedging Info:
futures_level    19.5511
entry            15.7266
exit             20.9599
status           PARKING
action              NONE
2019-10-08 23:52:13,496 — TAA — INFO — hedging_live.py:83 — No trading signal.
2019-10-09 00:22:23,642 — TAA — INFO — taa_base.py:76 — Current Cash: 61.8 USD
2019-10-09 00:22:23,642 — TAA — INFO — taa_base.py:77 — Portfolio Value: 4992.95 USD
2019-10-09 00:22:23,644 — TAA — INFO — taa_base.py:78 — Account Position Info:
            holdingPosition
iuid                       
US_10_AGG               5.0
US_10_ASHR              9.0
US_10_EMB               2.0
US_10_GLD               1.0
US_10_HYG               3.0
US_10_INDA              3.0
US_10_JPST             18.0
US_10_QQQ               1.0
US_10_SCHF             20.0
US_10_VB                2.0
US_10_VTI               6.0
US_10_VTIP              3.0
US_10_VWO               6.0
US_10_XLE               2.0
2019-10-09 00:22:25,840 — TAA — INFO — hedging_live.py:80 — Hedging Info:
futures_level    19.3868
entry            15.7306
exit             20.9599
status           PARKING
action              NONE
2019-10-09 00:22:25,840 — TAA — INFO — hedging_live.py:83 — No trading signal.
2019-10-09 00:52:35,748 — TAA — INFO — taa_base.py:76 — Current Cash: 61.8 USD
2019-10-09 00:52:35,748 — TAA — INFO — taa_base.py:77 — Portfolio Value: 5000.29 USD
2019-10-09 00:52:35,750 — TAA — INFO — taa_base.py:78 — Account Position Info:
            holdingPosition
iuid                       
US_10_AGG               5.0
US_10_ASHR              9.0
US_10_EMB               2.0
US_10_GLD               1.0
US_10_HYG               3.0
US_10_INDA              3.0
US_10_JPST             18.0
US_10_QQQ               1.0
US_10_SCHF             20.0
US_10_VB                2.0
US_10_VTI               6.0
US_10_VTIP              3.0
US_10_VWO               6.0
US_10_XLE               2.0
2019-10-09 00:52:36,901 — TAA — INFO — hedging_live.py:80 — Hedging Info:
futures_level    19.3053
entry            15.7306
exit             20.9599
status           PARKING
action              NONE
2019-10-09 00:52:36,901 — TAA — INFO — hedging_live.py:83 — No trading signal.
2019-10-09 01:22:46,899 — TAA — INFO — taa_base.py:76 — Current Cash: 61.8 USD
2019-10-09 01:22:46,899 — TAA — INFO — taa_base.py:77 — Portfolio Value: 4997.11 USD
2019-10-09 01:22:46,901 — TAA — INFO — taa_base.py:78 — Account Position Info:
            holdingPosition
iuid                       
US_10_AGG               5.0
US_10_ASHR              9.0
US_10_EMB               2.0
US_10_GLD               1.0
US_10_HYG               3.0
US_10_INDA              3.0
US_10_JPST             18.0
US_10_QQQ               1.0
US_10_SCHF             20.0
US_10_VB                2.0
US_10_VTI               6.0
US_10_VTIP              3.0
US_10_VWO               6.0
US_10_XLE               2.0
2019-10-09 01:22:48,024 — TAA — INFO — hedging_live.py:80 — Hedging Info:
futures_level    19.2979
entry            15.7306
exit             20.9599
status           PARKING
action              NONE
2019-10-09 01:22:48,024 — TAA — INFO — hedging_live.py:83 — No trading signal.
2019-10-09 01:52:57,942 — TAA — INFO — taa_base.py:76 — Current Cash: 61.8 USD
2019-10-09 01:52:57,942 — TAA — INFO — taa_base.py:77 — Portfolio Value: 5001.25 USD
2019-10-09 01:52:57,944 — TAA — INFO — taa_base.py:78 — Account Position Info:
            holdingPosition
iuid                       
US_10_AGG               5.0
US_10_ASHR              9.0
US_10_EMB               2.0
US_10_GLD               1.0
US_10_HYG               3.0
US_10_INDA              3.0
US_10_JPST             18.0
US_10_QQQ               1.0
US_10_SCHF             20.0
US_10_VB                2.0
US_10_VTI               6.0
US_10_VTIP              3.0
US_10_VWO               6.0
US_10_XLE               2.0
2019-10-09 01:52:59,059 — TAA — INFO — hedging_live.py:80 — Hedging Info:
futures_level    19.1621
entry            15.7306
exit             20.9599
status           PARKING
action              NONE
2019-10-09 01:52:59,060 — TAA — INFO — hedging_live.py:83 — No trading signal.
2019-10-09 02:23:09,055 — TAA — INFO — taa_base.py:76 — Current Cash: 61.8 USD
2019-10-09 02:23:09,055 — TAA — INFO — taa_base.py:77 — Portfolio Value: 4999.14 USD
2019-10-09 02:23:09,057 — TAA — INFO — taa_base.py:78 — Account Position Info:
            holdingPosition
iuid                       
US_10_AGG               5.0
US_10_ASHR              9.0
US_10_EMB               2.0
US_10_GLD               1.0
US_10_HYG               3.0
US_10_INDA              3.0
US_10_JPST             18.0
US_10_QQQ               1.0
US_10_SCHF             20.0
US_10_VB                2.0
US_10_VTI               6.0
US_10_VTIP              3.0
US_10_VWO               6.0
US_10_XLE               2.0
2019-10-09 02:23:10,169 — TAA — INFO — hedging_live.py:80 — Hedging Info:
futures_level      19.28
entry            15.7306
exit             20.9599
status           PARKING
action              NONE
2019-10-09 02:23:10,169 — TAA — INFO — hedging_live.py:83 — No trading signal.
2019-10-09 02:53:20,103 — TAA — INFO — taa_base.py:76 — Current Cash: 61.8 USD
2019-10-09 02:53:20,103 — TAA — INFO — taa_base.py:77 — Portfolio Value: 5006.76 USD
2019-10-09 02:53:20,105 — TAA — INFO — taa_base.py:78 — Account Position Info:
            holdingPosition
iuid                       
US_10_AGG               5.0
US_10_ASHR              9.0
US_10_EMB               2.0
US_10_GLD               1.0
US_10_HYG               3.0
US_10_INDA              3.0
US_10_JPST             18.0
US_10_QQQ               1.0
US_10_SCHF             20.0
US_10_VB                2.0
US_10_VTI               6.0
US_10_VTIP              3.0
US_10_VWO               6.0
US_10_XLE               2.0
2019-10-09 02:53:21,228 — TAA — INFO — hedging_live.py:80 — Hedging Info:
futures_level    19.0474
entry            15.7306
exit             20.9599
status           PARKING
action              NONE
2019-10-09 02:53:21,228 — TAA — INFO — hedging_live.py:83 — No trading signal.
2019-10-09 03:23:31,170 — TAA — INFO — taa_base.py:76 — Current Cash: 61.8 USD
2019-10-09 03:23:31,170 — TAA — INFO — taa_base.py:77 — Portfolio Value: 4996.91 USD
2019-10-09 03:23:31,172 — TAA — INFO — taa_base.py:78 — Account Position Info:
            holdingPosition
iuid                       
US_10_AGG               5.0
US_10_ASHR              9.0
US_10_EMB               2.0
US_10_GLD               1.0
US_10_HYG               3.0
US_10_INDA              3.0
US_10_JPST             18.0
US_10_QQQ               1.0
US_10_SCHF             20.0
US_10_VB                2.0
US_10_VTI               6.0
US_10_VTIP              3.0
US_10_VWO               6.0
US_10_XLE               2.0
2019-10-09 03:23:32,390 — TAA — INFO — hedging_live.py:80 — Hedging Info:
futures_level    19.4742
entry            15.7306
exit             20.9599
status           PARKING
action              NONE
2019-10-09 03:23:32,391 — TAA — INFO — hedging_live.py:83 — No trading signal.
2019-10-09 03:53:42,318 — TAA — INFO — taa_base.py:76 — Current Cash: 61.8 USD
2019-10-09 03:53:42,318 — TAA — INFO — taa_base.py:77 — Portfolio Value: 4988.68 USD
2019-10-09 03:53:42,320 — TAA — INFO — taa_base.py:78 — Account Position Info:
            holdingPosition
iuid                       
US_10_AGG               5.0
US_10_ASHR              9.0
US_10_EMB               2.0
US_10_GLD               1.0
US_10_HYG               3.0
US_10_INDA              3.0
US_10_JPST             18.0
US_10_QQQ               1.0
US_10_SCHF             20.0
US_10_VB                2.0
US_10_VTI               6.0
US_10_VTIP              3.0
US_10_VWO               6.0
US_10_XLE               2.0
2019-10-09 03:53:43,521 — TAA — INFO — hedging_live.py:80 — Hedging Info:
futures_level    19.8563
entry            15.7306
exit             20.9599
status           PARKING
action              NONE
2019-10-09 03:53:43,522 — TAA — INFO — hedging_live.py:83 — No trading signal.
2019-10-09 04:23:43,523 — TAA — INFO — main.py:33 — Market close.
2019-10-09 05:23:43,524 — TAA — INFO — main.py:33 — Market close.
2019-10-09 06:23:43,525 — TAA — INFO — main.py:33 — Market close.
2019-10-09 07:23:43,526 — TAA — INFO — main.py:33 — Market close.
2019-10-09 08:23:43,526 — TAA — INFO — main.py:33 — Market close.
2019-10-09 09:23:43,527 — TAA — INFO — main.py:33 — Market close.
