2019-10-07 22:24:28,733 — TAA — INFO — hedging_live.py:51 — Logger Initialized.
2019-10-07 22:24:39,697 — TAA — INFO — taa_base.py:76 — Current Cash: 58.99 USD
2019-10-07 22:24:39,698 — TAA — INFO — taa_base.py:77 — Portfolio Value: 5027.29 USD
2019-10-07 22:24:39,713 — TAA — INFO — taa_base.py:78 — Account Position Info:
            holdingPosition
iuid                       
US_10_AGG               5.0
US_10_ASHR              9.0
US_10_EMB               2.0
US_10_GLD               1.0
US_10_HYG               3.0
US_10_INDA              3.0
US_10_JPST             18.0
US_10_QQQ               1.0
US_10_SCHF             20.0
US_10_VB                2.0
US_10_VTI               6.0
US_10_VTIP              3.0
US_10_VWO               6.0
US_10_XLE               2.0
2019-10-07 22:24:43,127 — TAA — INFO — hedging_live.py:80 — Hedging Info:
futures_level    18.5068
entry             15.717
exit             20.9599
status           PARKING
action              NONE
2019-10-07 22:24:43,127 — TAA — INFO — hedging_live.py:83 — No trading signal.
2019-10-07 22:54:52,676 — TAA — INFO — taa_base.py:76 — Current Cash: 58.99 USD
2019-10-07 22:54:52,676 — TAA — INFO — taa_base.py:77 — Portfolio Value: 5031.06 USD
2019-10-07 22:54:52,679 — TAA — INFO — taa_base.py:78 — Account Position Info:
            holdingPosition
iuid                       
US_10_AGG               5.0
US_10_ASHR              9.0
US_10_EMB               2.0
US_10_GLD               1.0
US_10_HYG               3.0
US_10_INDA              3.0
US_10_JPST             18.0
US_10_QQQ               1.0
US_10_SCHF             20.0
US_10_VB                2.0
US_10_VTI               6.0
US_10_VTIP              3.0
US_10_VWO               6.0
US_10_XLE               2.0
2019-10-07 22:54:53,821 — TAA — INFO — hedging_live.py:80 — Hedging Info:
futures_level    18.3884
entry             15.717
exit             20.9599
status           PARKING
action              NONE
2019-10-07 22:54:53,822 — TAA — INFO — hedging_live.py:83 — No trading signal.
2019-10-07 23:25:03,392 — TAA — INFO — taa_base.py:76 — Current Cash: 58.99 USD
2019-10-07 23:25:03,392 — TAA — INFO — taa_base.py:77 — Portfolio Value: 5033.85 USD
2019-10-07 23:25:03,399 — TAA — INFO — taa_base.py:78 — Account Position Info:
            holdingPosition
iuid                       
US_10_AGG               5.0
US_10_ASHR              9.0
US_10_EMB               2.0
US_10_GLD               1.0
US_10_HYG               3.0
US_10_INDA              3.0
US_10_JPST             18.0
US_10_QQQ               1.0
US_10_SCHF             20.0
US_10_VB                2.0
US_10_VTI               6.0
US_10_VTIP              3.0
US_10_VWO               6.0
US_10_XLE               2.0
2019-10-07 23:25:04,608 — TAA — INFO — hedging_live.py:80 — Hedging Info:
futures_level    18.3147
entry             15.717
exit             20.9599
status           PARKING
action              NONE
2019-10-07 23:25:04,608 — TAA — INFO — hedging_live.py:83 — No trading signal.
2019-10-07 23:55:14,131 — TAA — INFO — taa_base.py:76 — Current Cash: 58.99 USD
2019-10-07 23:55:14,131 — TAA — INFO — taa_base.py:77 — Portfolio Value: 5033.41 USD
2019-10-07 23:55:14,135 — TAA — INFO — taa_base.py:78 — Account Position Info:
            holdingPosition
iuid                       
US_10_AGG               5.0
US_10_ASHR              9.0
US_10_EMB               2.0
US_10_GLD               1.0
US_10_HYG               3.0
US_10_INDA              3.0
US_10_JPST             18.0
US_10_QQQ               1.0
US_10_SCHF             20.0
US_10_VB                2.0
US_10_VTI               6.0
US_10_VTIP              3.0
US_10_VWO               6.0
US_10_XLE               2.0
2019-10-07 23:55:15,355 — TAA — INFO — hedging_live.py:80 — Hedging Info:
futures_level    18.1963
entry             15.717
exit             20.9599
status           PARKING
action              NONE
2019-10-07 23:55:15,356 — TAA — INFO — hedging_live.py:83 — No trading signal.
2019-10-08 00:25:24,921 — TAA — INFO — taa_base.py:76 — Current Cash: 58.99 USD
2019-10-08 00:25:24,922 — TAA — INFO — taa_base.py:77 — Portfolio Value: 5032.92 USD
2019-10-08 00:25:24,930 — TAA — INFO — taa_base.py:78 — Account Position Info:
            holdingPosition
iuid                       
US_10_AGG               5.0
US_10_ASHR              9.0
US_10_EMB               2.0
US_10_GLD               1.0
US_10_HYG               3.0
US_10_INDA              3.0
US_10_JPST             18.0
US_10_QQQ               1.0
US_10_SCHF             20.0
US_10_VB                2.0
US_10_VTI               6.0
US_10_VTIP              3.0
US_10_VWO               6.0
US_10_XLE               2.0
2019-10-08 00:25:27,223 — TAA — INFO — hedging_live.py:80 — Hedging Info:
futures_level    18.1695
entry            15.7266
exit             20.9599
status           PARKING
action              NONE
2019-10-08 00:25:27,223 — TAA — INFO — hedging_live.py:83 — No trading signal.
2019-10-08 00:55:36,704 — TAA — INFO — taa_base.py:76 — Current Cash: 58.99 USD
2019-10-08 00:55:36,704 — TAA — INFO — taa_base.py:77 — Portfolio Value: 5030.98 USD
2019-10-08 00:55:36,707 — TAA — INFO — taa_base.py:78 — Account Position Info:
            holdingPosition
iuid                       
US_10_AGG               5.0
US_10_ASHR              9.0
US_10_EMB               2.0
US_10_GLD               1.0
US_10_HYG               3.0
US_10_INDA              3.0
US_10_JPST             18.0
US_10_QQQ               1.0
US_10_SCHF             20.0
US_10_VB                2.0
US_10_VTI               6.0
US_10_VTIP              3.0
US_10_VWO               6.0
US_10_XLE               2.0
2019-10-08 00:55:37,819 — TAA — INFO — hedging_live.py:80 — Hedging Info:
futures_level    18.1816
entry            15.7266
exit             20.9599
status           PARKING
action              NONE
2019-10-08 00:55:37,819 — TAA — INFO — hedging_live.py:83 — No trading signal.
2019-10-08 01:25:47,325 — TAA — INFO — taa_base.py:76 — Current Cash: 60.14 USD
2019-10-08 01:25:47,325 — TAA — INFO — taa_base.py:77 — Portfolio Value: 5028.67 USD
2019-10-08 01:25:47,330 — TAA — INFO — taa_base.py:78 — Account Position Info:
            holdingPosition
iuid                       
US_10_AGG               5.0
US_10_ASHR              9.0
US_10_EMB               2.0
US_10_GLD               1.0
US_10_HYG               3.0
US_10_INDA              3.0
US_10_JPST             18.0
US_10_QQQ               1.0
US_10_SCHF             20.0
US_10_VB                2.0
US_10_VTI               6.0
US_10_VTIP              3.0
US_10_VWO               6.0
US_10_XLE               2.0
2019-10-08 01:25:48,483 — TAA — INFO — hedging_live.py:80 — Hedging Info:
futures_level    18.2516
entry            15.7266
exit             20.9599
status           PARKING
action              NONE
2019-10-08 01:25:48,484 — TAA — INFO — hedging_live.py:83 — No trading signal.
2019-10-08 01:55:57,983 — TAA — INFO — taa_base.py:76 — Current Cash: 61.8 USD
2019-10-08 01:55:57,983 — TAA — INFO — taa_base.py:77 — Portfolio Value: 5036.13 USD
2019-10-08 01:55:57,990 — TAA — INFO — taa_base.py:78 — Account Position Info:
            holdingPosition
iuid                       
US_10_AGG               5.0
US_10_ASHR              9.0
US_10_EMB               2.0
US_10_GLD               1.0
US_10_HYG               3.0
US_10_INDA              3.0
US_10_JPST             18.0
US_10_QQQ               1.0
US_10_SCHF             20.0
US_10_VB                2.0
US_10_VTI               6.0
US_10_VTIP              3.0
US_10_VWO               6.0
US_10_XLE               2.0
2019-10-08 01:55:59,204 — TAA — INFO — hedging_live.py:80 — Hedging Info:
futures_level    18.0695
entry            15.7266
exit             20.9599
status           PARKING
action              NONE
2019-10-08 01:55:59,204 — TAA — INFO — hedging_live.py:83 — No trading signal.
2019-10-08 02:26:08,764 — TAA — INFO — taa_base.py:76 — Current Cash: 61.8 USD
2019-10-08 02:26:08,764 — TAA — INFO — taa_base.py:77 — Portfolio Value: 5028.17 USD
2019-10-08 02:26:08,767 — TAA — INFO — taa_base.py:78 — Account Position Info:
            holdingPosition
iuid                       
US_10_AGG               5.0
US_10_ASHR              9.0
US_10_EMB               2.0
US_10_GLD               1.0
US_10_HYG               3.0
US_10_INDA              3.0
US_10_JPST             18.0
US_10_QQQ               1.0
US_10_SCHF             20.0
US_10_VB                2.0
US_10_VTI               6.0
US_10_VTIP              3.0
US_10_VWO               6.0
US_10_XLE               2.0
2019-10-08 02:26:09,915 — TAA — INFO — hedging_live.py:80 — Hedging Info:
futures_level    18.3053
entry            15.7266
exit             20.9599
status           PARKING
action              NONE
2019-10-08 02:26:09,915 — TAA — INFO — hedging_live.py:83 — No trading signal.
2019-10-08 02:56:19,415 — TAA — INFO — taa_base.py:76 — Current Cash: 61.8 USD
2019-10-08 02:56:19,416 — TAA — INFO — taa_base.py:77 — Portfolio Value: 5021.82 USD
2019-10-08 02:56:19,419 — TAA — INFO — taa_base.py:78 — Account Position Info:
            holdingPosition
iuid                       
US_10_AGG               5.0
US_10_ASHR              9.0
US_10_EMB               2.0
US_10_GLD               1.0
US_10_HYG               3.0
US_10_INDA              3.0
US_10_JPST             18.0
US_10_QQQ               1.0
US_10_SCHF             20.0
US_10_VB                2.0
US_10_VTI               6.0
US_10_VTIP              3.0
US_10_VWO               6.0
US_10_XLE               2.0
2019-10-08 02:56:20,578 — TAA — INFO — hedging_live.py:80 — Hedging Info:
futures_level    18.5384
entry            15.7266
exit             20.9599
status           PARKING
action              NONE
2019-10-08 02:56:20,578 — TAA — INFO — hedging_live.py:83 — No trading signal.
2019-10-08 03:26:30,108 — TAA — INFO — taa_base.py:76 — Current Cash: 61.8 USD
2019-10-08 03:26:30,108 — TAA — INFO — taa_base.py:77 — Portfolio Value: 5025.3 USD
2019-10-08 03:26:30,111 — TAA — INFO — taa_base.py:78 — Account Position Info:
            holdingPosition
iuid                       
US_10_AGG               5.0
US_10_ASHR              9.0
US_10_EMB               2.0
US_10_GLD               1.0
US_10_HYG               3.0
US_10_INDA              3.0
US_10_JPST             18.0
US_10_QQQ               1.0
US_10_SCHF             20.0
US_10_VB                2.0
US_10_VTI               6.0
US_10_VTIP              3.0
US_10_VWO               6.0
US_10_XLE               2.0
2019-10-08 03:26:31,349 — TAA — INFO — hedging_live.py:80 — Hedging Info:
futures_level    18.3426
entry            15.7266
exit             20.9599
status           PARKING
action              NONE
2019-10-08 03:26:31,350 — TAA — INFO — hedging_live.py:83 — No trading signal.
2019-10-08 03:56:40,843 — TAA — INFO — taa_base.py:76 — Current Cash: 61.8 USD
2019-10-08 03:56:40,843 — TAA — INFO — taa_base.py:77 — Portfolio Value: 5022.5 USD
2019-10-08 03:56:40,848 — TAA — INFO — taa_base.py:78 — Account Position Info:
            holdingPosition
iuid                       
US_10_AGG               5.0
US_10_ASHR              9.0
US_10_EMB               2.0
US_10_GLD               1.0
US_10_HYG               3.0
US_10_INDA              3.0
US_10_JPST             18.0
US_10_QQQ               1.0
US_10_SCHF             20.0
US_10_VB                2.0
US_10_VTI               6.0
US_10_VTIP              3.0
US_10_VWO               6.0
US_10_XLE               2.0
2019-10-08 03:56:41,999 — TAA — INFO — hedging_live.py:80 — Hedging Info:
futures_level    18.4279
entry            15.7266
exit             20.9599
status           PARKING
action              NONE
2019-10-08 03:56:41,999 — TAA — INFO — hedging_live.py:83 — No trading signal.
2019-10-08 04:26:41,999 — TAA — INFO — main.py:33 — Market close.
2019-10-08 05:26:42,001 — TAA — INFO — main.py:33 — Market close.
2019-10-08 06:26:42,002 — TAA — INFO — main.py:33 — Market close.
2019-10-08 07:26:42,002 — TAA — INFO — main.py:33 — Market close.
2019-10-08 08:26:42,003 — TAA — INFO — main.py:33 — Market close.
2019-10-08 09:26:42,005 — TAA — INFO — main.py:33 — Market close.
2019-10-08 10:26:42,005 — TAA — INFO — main.py:33 — Market close.
