2019-10-22 21:34:29,837 — TAA — INFO — hedging_live.py:51 — Logger Initialized.
2019-10-22 21:34:41,394 — TAA — INFO — taa_base.py:76 — Current Cash: 61.8 USD
2019-10-22 21:34:41,394 — TAA — INFO — taa_base.py:77 — Portfolio Value: 5104.65 USD
2019-10-22 21:34:41,399 — TAA — INFO — taa_base.py:78 — Account Position Info:
            holdingPosition
iuid                       
US_10_AGG               5.0
US_10_ASHR              9.0
US_10_EMB               2.0
US_10_GLD               1.0
US_10_HYG               3.0
US_10_INDA              3.0
US_10_JPST             18.0
US_10_QQQ               1.0
US_10_SCHF             20.0
US_10_VB                2.0
US_10_VTI               6.0
US_10_VTIP              3.0
US_10_VWO               6.0
US_10_XLE               2.0
2019-10-22 21:34:42,587 — TAA — INFO — hedging_live.py:80 — Hedging Info:
futures_level    16.1412
entry            15.8662
exit             20.8164
status           PARKING
action              NONE
2019-10-22 21:34:42,587 — TAA — INFO — hedging_live.py:83 — No trading signal.
2019-10-22 22:04:52,697 — TAA — INFO — taa_base.py:76 — Current Cash: 61.8 USD
2019-10-22 22:04:52,697 — TAA — INFO — taa_base.py:77 — Portfolio Value: 5104.01 USD
2019-10-22 22:04:52,699 — TAA — INFO — taa_base.py:78 — Account Position Info:
            holdingPosition
iuid                       
US_10_AGG               5.0
US_10_ASHR              9.0
US_10_EMB               2.0
US_10_GLD               1.0
US_10_HYG               3.0
US_10_INDA              3.0
US_10_JPST             18.0
US_10_QQQ               1.0
US_10_SCHF             20.0
US_10_VB                2.0
US_10_VTI               6.0
US_10_VTIP              3.0
US_10_VWO               6.0
US_10_XLE               2.0
2019-10-22 22:04:53,841 — TAA — INFO — hedging_live.py:80 — Hedging Info:
futures_level    16.2025
entry            15.8662
exit             20.8164
status           PARKING
action              NONE
2019-10-22 22:04:53,841 — TAA — INFO — hedging_live.py:83 — No trading signal.
2019-10-22 22:35:03,822 — TAA — INFO — taa_base.py:76 — Current Cash: 61.8 USD
2019-10-22 22:35:03,822 — TAA — INFO — taa_base.py:77 — Portfolio Value: 5104.08 USD
2019-10-22 22:35:03,824 — TAA — INFO — taa_base.py:78 — Account Position Info:
            holdingPosition
iuid                       
US_10_AGG               5.0
US_10_ASHR              9.0
US_10_EMB               2.0
US_10_GLD               1.0
US_10_HYG               3.0
US_10_INDA              3.0
US_10_JPST             18.0
US_10_QQQ               1.0
US_10_SCHF             20.0
US_10_VB                2.0
US_10_VTI               6.0
US_10_VTIP              3.0
US_10_VWO               6.0
US_10_XLE               2.0
2019-10-22 22:35:04,972 — TAA — INFO — hedging_live.py:80 — Hedging Info:
futures_level    16.2875
entry            15.8662
exit             20.8164
status           PARKING
action              NONE
2019-10-22 22:35:04,973 — TAA — INFO — hedging_live.py:83 — No trading signal.
2019-10-22 23:05:14,962 — TAA — INFO — taa_base.py:76 — Current Cash: 61.8 USD
2019-10-22 23:05:14,963 — TAA — INFO — taa_base.py:77 — Portfolio Value: 5103.66 USD
2019-10-22 23:05:14,967 — TAA — INFO — taa_base.py:78 — Account Position Info:
            holdingPosition
iuid                       
US_10_AGG               5.0
US_10_ASHR              9.0
US_10_EMB               2.0
US_10_GLD               1.0
US_10_HYG               3.0
US_10_INDA              3.0
US_10_JPST             18.0
US_10_QQQ               1.0
US_10_SCHF             20.0
US_10_VB                2.0
US_10_VTI               6.0
US_10_VTIP              3.0
US_10_VWO               6.0
US_10_XLE               2.0
2019-10-22 23:05:16,099 — TAA — INFO — hedging_live.py:80 — Hedging Info:
futures_level    16.2438
entry            15.8662
exit             20.8164
status           PARKING
action              NONE
2019-10-22 23:05:16,100 — TAA — INFO — hedging_live.py:83 — No trading signal.
2019-10-22 23:35:26,053 — TAA — INFO — taa_base.py:76 — Current Cash: 61.8 USD
2019-10-22 23:35:26,053 — TAA — INFO — taa_base.py:77 — Portfolio Value: 5103.16 USD
2019-10-22 23:35:26,056 — TAA — INFO — taa_base.py:78 — Account Position Info:
            holdingPosition
iuid                       
US_10_AGG               5.0
US_10_ASHR              9.0
US_10_EMB               2.0
US_10_GLD               1.0
US_10_HYG               3.0
US_10_INDA              3.0
US_10_JPST             18.0
US_10_QQQ               1.0
US_10_SCHF             20.0
US_10_VB                2.0
US_10_VTI               6.0
US_10_VTIP              3.0
US_10_VWO               6.0
US_10_XLE               2.0
2019-10-22 23:35:27,226 — TAA — INFO — hedging_live.py:80 — Hedging Info:
futures_level    16.2875
entry            15.8662
exit             20.8164
status           PARKING
action              NONE
2019-10-22 23:35:27,227 — TAA — INFO — hedging_live.py:83 — No trading signal.
2019-10-23 00:05:37,633 — TAA — INFO — taa_base.py:76 — Current Cash: 61.8 USD
2019-10-23 00:05:37,633 — TAA — INFO — taa_base.py:77 — Portfolio Value: 5103.26 USD
2019-10-23 00:05:37,635 — TAA — INFO — taa_base.py:78 — Account Position Info:
            holdingPosition
iuid                       
US_10_AGG               5.0
US_10_ASHR              9.0
US_10_EMB               2.0
US_10_GLD               1.0
US_10_HYG               3.0
US_10_INDA              3.0
US_10_JPST             18.0
US_10_QQQ               1.0
US_10_SCHF             20.0
US_10_VB                2.0
US_10_VTI               6.0
US_10_VTIP              3.0
US_10_VWO               6.0
US_10_XLE               2.0
2019-10-23 00:05:41,556 — TAA — INFO — hedging_live.py:80 — Hedging Info:
futures_level    16.2837
entry            15.8662
exit             20.8164
status           PARKING
action              NONE
2019-10-23 00:05:41,556 — TAA — INFO — hedging_live.py:83 — No trading signal.
2019-10-23 00:35:52,083 — TAA — INFO — taa_base.py:76 — Current Cash: 61.8 USD
2019-10-23 00:35:52,083 — TAA — INFO — taa_base.py:77 — Portfolio Value: 5107.48 USD
2019-10-23 00:35:52,085 — TAA — INFO — taa_base.py:78 — Account Position Info:
            holdingPosition
iuid                       
US_10_AGG               5.0
US_10_ASHR              9.0
US_10_EMB               2.0
US_10_GLD               1.0
US_10_HYG               3.0
US_10_INDA              3.0
US_10_JPST             18.0
US_10_QQQ               1.0
US_10_SCHF             20.0
US_10_VB                2.0
US_10_VTI               6.0
US_10_VTIP              3.0
US_10_VWO               6.0
US_10_XLE               2.0
2019-10-23 00:35:54,136 — TAA — INFO — hedging_live.py:80 — Hedging Info:
futures_level       16.1
entry            15.8662
exit             20.8164
status           PARKING
action              NONE
2019-10-23 00:35:54,136 — TAA — INFO — hedging_live.py:83 — No trading signal.
2019-10-23 01:06:04,095 — TAA — INFO — taa_base.py:76 — Current Cash: 61.8 USD
2019-10-23 01:06:04,096 — TAA — INFO — taa_base.py:77 — Portfolio Value: 5106.51 USD
2019-10-23 01:06:04,102 — TAA — INFO — taa_base.py:78 — Account Position Info:
            holdingPosition
iuid                       
US_10_AGG               5.0
US_10_ASHR              9.0
US_10_EMB               2.0
US_10_GLD               1.0
US_10_HYG               3.0
US_10_INDA              3.0
US_10_JPST             18.0
US_10_QQQ               1.0
US_10_SCHF             20.0
US_10_VB                2.0
US_10_VTI               6.0
US_10_VTIP              3.0
US_10_VWO               6.0
US_10_XLE               2.0
2019-10-23 01:06:05,848 — TAA — INFO — hedging_live.py:80 — Hedging Info:
futures_level    16.1513
entry            15.8662
exit             20.8164
status           PARKING
action              NONE
2019-10-23 01:06:05,848 — TAA — INFO — hedging_live.py:83 — No trading signal.
2019-10-23 01:36:15,808 — TAA — INFO — taa_base.py:76 — Current Cash: 61.8 USD
2019-10-23 01:36:15,808 — TAA — INFO — taa_base.py:77 — Portfolio Value: 5106.64 USD
2019-10-23 01:36:15,811 — TAA — INFO — taa_base.py:78 — Account Position Info:
            holdingPosition
iuid                       
US_10_AGG               5.0
US_10_ASHR              9.0
US_10_EMB               2.0
US_10_GLD               1.0
US_10_HYG               3.0
US_10_INDA              3.0
US_10_JPST             18.0
US_10_QQQ               1.0
US_10_SCHF             20.0
US_10_VB                2.0
US_10_VTI               6.0
US_10_VTIP              3.0
US_10_VWO               6.0
US_10_XLE               2.0
2019-10-23 01:36:17,329 — TAA — INFO — hedging_live.py:80 — Hedging Info:
futures_level    16.1775
entry            15.8662
exit             20.8164
status           PARKING
action              NONE
2019-10-23 01:36:17,330 — TAA — INFO — hedging_live.py:83 — No trading signal.
2019-10-23 02:06:27,297 — TAA — INFO — taa_base.py:76 — Current Cash: 61.8 USD
2019-10-23 02:06:27,297 — TAA — INFO — taa_base.py:77 — Portfolio Value: 5107.09 USD
2019-10-23 02:06:27,299 — TAA — INFO — taa_base.py:78 — Account Position Info:
            holdingPosition
iuid                       
US_10_AGG               5.0
US_10_ASHR              9.0
US_10_EMB               2.0
US_10_GLD               1.0
US_10_HYG               3.0
US_10_INDA              3.0
US_10_JPST             18.0
US_10_QQQ               1.0
US_10_SCHF             20.0
US_10_VB                2.0
US_10_VTI               6.0
US_10_VTIP              3.0
US_10_VWO               6.0
US_10_XLE               2.0
2019-10-23 02:06:28,417 — TAA — INFO — hedging_live.py:80 — Hedging Info:
futures_level    16.2263
entry            15.8662
exit             20.8164
status           PARKING
action              NONE
2019-10-23 02:06:28,417 — TAA — INFO — hedging_live.py:83 — No trading signal.
2019-10-23 02:36:38,372 — TAA — INFO — taa_base.py:76 — Current Cash: 61.8 USD
2019-10-23 02:36:38,372 — TAA — INFO — taa_base.py:77 — Portfolio Value: 5101.92 USD
2019-10-23 02:36:38,374 — TAA — INFO — taa_base.py:78 — Account Position Info:
            holdingPosition
iuid                       
US_10_AGG               5.0
US_10_ASHR              9.0
US_10_EMB               2.0
US_10_GLD               1.0
US_10_HYG               3.0
US_10_INDA              3.0
US_10_JPST             18.0
US_10_QQQ               1.0
US_10_SCHF             20.0
US_10_VB                2.0
US_10_VTI               6.0
US_10_VTIP              3.0
US_10_VWO               6.0
US_10_XLE               2.0
2019-10-23 02:36:39,487 — TAA — INFO — hedging_live.py:80 — Hedging Info:
futures_level    16.3712
entry            15.8662
exit             20.8164
status           PARKING
action              NONE
2019-10-23 02:36:39,488 — TAA — INFO — hedging_live.py:83 — No trading signal.
2019-10-23 03:06:49,475 — TAA — INFO — taa_base.py:76 — Current Cash: 61.8 USD
2019-10-23 03:06:49,475 — TAA — INFO — taa_base.py:77 — Portfolio Value: 5096.91 USD
2019-10-23 03:06:49,478 — TAA — INFO — taa_base.py:78 — Account Position Info:
            holdingPosition
iuid                       
US_10_AGG               5.0
US_10_ASHR              9.0
US_10_EMB               2.0
US_10_GLD               1.0
US_10_HYG               3.0
US_10_INDA              3.0
US_10_JPST             18.0
US_10_QQQ               1.0
US_10_SCHF             20.0
US_10_VB                2.0
US_10_VTI               6.0
US_10_VTIP              3.0
US_10_VWO               6.0
US_10_XLE               2.0
2019-10-23 03:06:50,634 — TAA — INFO — hedging_live.py:80 — Hedging Info:
futures_level    16.4937
entry            15.8662
exit             20.8164
status           PARKING
action              NONE
2019-10-23 03:06:50,635 — TAA — INFO — hedging_live.py:83 — No trading signal.
2019-10-23 03:37:00,601 — TAA — INFO — taa_base.py:76 — Current Cash: 61.8 USD
2019-10-23 03:37:00,602 — TAA — INFO — taa_base.py:77 — Portfolio Value: 5100.77 USD
2019-10-23 03:37:00,608 — TAA — INFO — taa_base.py:78 — Account Position Info:
            holdingPosition
iuid                       
US_10_AGG               5.0
US_10_ASHR              9.0
US_10_EMB               2.0
US_10_GLD               1.0
US_10_HYG               3.0
US_10_INDA              3.0
US_10_JPST             18.0
US_10_QQQ               1.0
US_10_SCHF             20.0
US_10_VB                2.0
US_10_VTI               6.0
US_10_VTIP              3.0
US_10_VWO               6.0
US_10_XLE               2.0
2019-10-23 03:37:01,914 — TAA — INFO — hedging_live.py:80 — Hedging Info:
futures_level    16.3387
entry            15.8662
exit             20.8164
status           PARKING
action              NONE
2019-10-23 03:37:01,915 — TAA — INFO — hedging_live.py:83 — No trading signal.
2019-10-23 04:07:01,915 — TAA — INFO — main.py:33 — Market close.
2019-10-23 05:07:01,915 — TAA — INFO — main.py:33 — Market close.
2019-10-23 06:07:01,916 — TAA — INFO — main.py:33 — Market close.
2019-10-23 07:07:01,916 — TAA — INFO — main.py:33 — Market close.
2019-10-23 08:07:01,917 — TAA — INFO — main.py:33 — Market close.
2019-10-23 09:07:01,917 — TAA — INFO — main.py:33 — Market close.
