2019-10-29 22:22:57,730 — TAA — INFO — hedging_live.py:51 — Logger Initialized.
2019-10-29 22:23:07,669 — TAA — INFO — taa_base.py:77 — Current Cash: 73.76 USD
2019-10-29 22:23:07,670 — TAA — INFO — taa_base.py:78 — Portfolio Value: 5128.19 USD
2019-10-29 22:23:07,673 — TAA — INFO — taa_base.py:79 — Account Position Info:
            holdingPosition
iuid                       
US_10_AGG               5.0
US_10_ASHR              9.0
US_10_EMB               2.0
US_10_GLD               1.0
US_10_HYG               3.0
US_10_INDA              3.0
US_10_JPST             13.0
US_10_QQQ               1.0
US_10_SCHF             20.0
US_10_VB                2.0
US_10_VTI               6.0
US_10_VTIP              3.0
US_10_VWO               6.0
US_10_VXX              12.0
US_10_XLE               2.0
2019-10-29 22:23:08,840 — TAA — INFO — hedging_live.py:80 — Hedging Info:
futures_level      15.95
entry            15.8523
exit             20.6965
status           HEDGING
action              NONE
2019-10-29 22:23:08,840 — TAA — INFO — hedging_live.py:83 — No trading signal.
2019-10-29 22:53:18,761 — TAA — INFO — taa_base.py:77 — Current Cash: 73.76 USD
2019-10-29 22:53:18,761 — TAA — INFO — taa_base.py:78 — Portfolio Value: 5132.64 USD
2019-10-29 22:53:18,763 — TAA — INFO — taa_base.py:79 — Account Position Info:
            holdingPosition
iuid                       
US_10_AGG               5.0
US_10_ASHR              9.0
US_10_EMB               2.0
US_10_GLD               1.0
US_10_HYG               3.0
US_10_INDA              3.0
US_10_JPST             13.0
US_10_QQQ               1.0
US_10_SCHF             20.0
US_10_VB                2.0
US_10_VTI               6.0
US_10_VTIP              3.0
US_10_VWO               6.0
US_10_VXX              12.0
US_10_XLE               2.0
2019-10-29 22:53:19,923 — TAA — INFO — hedging_live.py:80 — Hedging Info:
futures_level    15.9633
entry            15.8523
exit             20.6965
status           HEDGING
action              NONE
2019-10-29 22:53:19,923 — TAA — INFO — hedging_live.py:83 — No trading signal.
2019-10-29 23:23:29,916 — TAA — INFO — taa_base.py:77 — Current Cash: 73.76 USD
2019-10-29 23:23:29,916 — TAA — INFO — taa_base.py:78 — Portfolio Value: 5132.1 USD
2019-10-29 23:23:29,920 — TAA — INFO — taa_base.py:79 — Account Position Info:
            holdingPosition
iuid                       
US_10_AGG               5.0
US_10_ASHR              9.0
US_10_EMB               2.0
US_10_GLD               1.0
US_10_HYG               3.0
US_10_INDA              3.0
US_10_JPST             13.0
US_10_QQQ               1.0
US_10_SCHF             20.0
US_10_VB                2.0
US_10_VTI               6.0
US_10_VTIP              3.0
US_10_VWO               6.0
US_10_VXX              12.0
US_10_XLE               2.0
2019-10-29 23:23:31,101 — TAA — INFO — hedging_live.py:80 — Hedging Info:
futures_level    16.0733
entry            15.8523
exit             20.6965
status           HEDGING
action              NONE
2019-10-29 23:23:31,101 — TAA — INFO — hedging_live.py:83 — No trading signal.
2019-10-29 23:53:41,047 — TAA — INFO — taa_base.py:77 — Current Cash: 73.76 USD
2019-10-29 23:53:41,047 — TAA — INFO — taa_base.py:78 — Portfolio Value: 5133.17 USD
2019-10-29 23:53:41,051 — TAA — INFO — taa_base.py:79 — Account Position Info:
            holdingPosition
iuid                       
US_10_AGG               5.0
US_10_ASHR              9.0
US_10_EMB               2.0
US_10_GLD               1.0
US_10_HYG               3.0
US_10_INDA              3.0
US_10_JPST             13.0
US_10_QQQ               1.0
US_10_SCHF             20.0
US_10_VB                2.0
US_10_VTI               6.0
US_10_VTIP              3.0
US_10_VWO               6.0
US_10_VXX              12.0
US_10_XLE               2.0
2019-10-29 23:53:42,242 — TAA — INFO — hedging_live.py:80 — Hedging Info:
futures_level    16.0167
entry            15.8523
exit             20.6965
status           HEDGING
action              NONE
2019-10-29 23:53:42,243 — TAA — INFO — hedging_live.py:83 — No trading signal.
2019-10-30 00:23:52,720 — TAA — INFO — taa_base.py:77 — Current Cash: 73.76 USD
2019-10-30 00:23:52,721 — TAA — INFO — taa_base.py:78 — Portfolio Value: 5133.72 USD
2019-10-30 00:23:52,725 — TAA — INFO — taa_base.py:79 — Account Position Info:
            holdingPosition
iuid                       
US_10_AGG               5.0
US_10_ASHR              9.0
US_10_EMB               2.0
US_10_GLD               1.0
US_10_HYG               3.0
US_10_INDA              3.0
US_10_JPST             13.0
US_10_QQQ               1.0
US_10_SCHF             20.0
US_10_VB                2.0
US_10_VTI               6.0
US_10_VTIP              3.0
US_10_VWO               6.0
US_10_VXX              12.0
US_10_XLE               2.0
2019-10-30 00:23:55,059 — TAA — INFO — hedging_live.py:80 — Hedging Info:
futures_level    16.0033
entry            15.8523
exit             20.6965
status           HEDGING
action              NONE
2019-10-30 00:23:55,059 — TAA — INFO — hedging_live.py:83 — No trading signal.
2019-10-30 00:54:05,074 — TAA — INFO — taa_base.py:77 — Current Cash: 73.76 USD
2019-10-30 00:54:05,074 — TAA — INFO — taa_base.py:78 — Portfolio Value: 5134.06 USD
2019-10-30 00:54:05,079 — TAA — INFO — taa_base.py:79 — Account Position Info:
            holdingPosition
iuid                       
US_10_AGG               5.0
US_10_ASHR              9.0
US_10_EMB               2.0
US_10_GLD               1.0
US_10_HYG               3.0
US_10_INDA              3.0
US_10_JPST             13.0
US_10_QQQ               1.0
US_10_SCHF             20.0
US_10_VB                2.0
US_10_VTI               6.0
US_10_VTIP              3.0
US_10_VWO               6.0
US_10_VXX              12.0
US_10_XLE               2.0
2019-10-30 00:54:06,241 — TAA — INFO — hedging_live.py:80 — Hedging Info:
futures_level    15.9733
entry            15.8523
exit             20.6965
status           HEDGING
action              NONE
2019-10-30 00:54:06,241 — TAA — INFO — hedging_live.py:83 — No trading signal.
2019-10-30 01:24:16,127 — TAA — INFO — taa_base.py:77 — Current Cash: 73.76 USD
2019-10-30 01:24:16,128 — TAA — INFO — taa_base.py:78 — Portfolio Value: 5133.48 USD
2019-10-30 01:24:16,133 — TAA — INFO — taa_base.py:79 — Account Position Info:
            holdingPosition
iuid                       
US_10_AGG               5.0
US_10_ASHR              9.0
US_10_EMB               2.0
US_10_GLD               1.0
US_10_HYG               3.0
US_10_INDA              3.0
US_10_JPST             13.0
US_10_QQQ               1.0
US_10_SCHF             20.0
US_10_VB                2.0
US_10_VTI               6.0
US_10_VTIP              3.0
US_10_VWO               6.0
US_10_VXX              12.0
US_10_XLE               2.0
2019-10-30 01:24:17,294 — TAA — INFO — hedging_live.py:80 — Hedging Info:
futures_level         16
entry            15.8523
exit             20.6965
status           HEDGING
action              NONE
2019-10-30 01:24:17,294 — TAA — INFO — hedging_live.py:83 — No trading signal.
2019-10-30 01:54:27,266 — TAA — INFO — taa_base.py:77 — Current Cash: 73.76 USD
2019-10-30 01:54:27,266 — TAA — INFO — taa_base.py:78 — Portfolio Value: 5134.08 USD
2019-10-30 01:54:27,270 — TAA — INFO — taa_base.py:79 — Account Position Info:
            holdingPosition
iuid                       
US_10_AGG               5.0
US_10_ASHR              9.0
US_10_EMB               2.0
US_10_GLD               1.0
US_10_HYG               3.0
US_10_INDA              3.0
US_10_JPST             13.0
US_10_QQQ               1.0
US_10_SCHF             20.0
US_10_VB                2.0
US_10_VTI               6.0
US_10_VTIP              3.0
US_10_VWO               6.0
US_10_VXX              12.0
US_10_XLE               2.0
2019-10-30 01:54:28,618 — TAA — INFO — hedging_live.py:80 — Hedging Info:
futures_level         16
entry            15.8523
exit             20.6965
status           HEDGING
action              NONE
2019-10-30 01:54:28,618 — TAA — INFO — hedging_live.py:83 — No trading signal.
2019-10-30 02:24:38,496 — TAA — INFO — taa_base.py:77 — Current Cash: 73.76 USD
2019-10-30 02:24:38,496 — TAA — INFO — taa_base.py:78 — Portfolio Value: 5132.17 USD
2019-10-30 02:24:38,498 — TAA — INFO — taa_base.py:79 — Account Position Info:
            holdingPosition
iuid                       
US_10_AGG               5.0
US_10_ASHR              9.0
US_10_EMB               2.0
US_10_GLD               1.0
US_10_HYG               3.0
US_10_INDA              3.0
US_10_JPST             13.0
US_10_QQQ               1.0
US_10_SCHF             20.0
US_10_VB                2.0
US_10_VTI               6.0
US_10_VTIP              3.0
US_10_VWO               6.0
US_10_VXX              12.0
US_10_XLE               2.0
2019-10-30 02:24:39,694 — TAA — INFO — hedging_live.py:80 — Hedging Info:
futures_level      15.99
entry            15.8523
exit             20.6965
status           HEDGING
action              NONE
2019-10-30 02:24:39,694 — TAA — INFO — hedging_live.py:83 — No trading signal.
2019-10-30 02:54:49,935 — TAA — INFO — taa_base.py:77 — Current Cash: 73.76 USD
2019-10-30 02:54:49,936 — TAA — INFO — taa_base.py:78 — Portfolio Value: 5131.63 USD
2019-10-30 02:54:49,940 — TAA — INFO — taa_base.py:79 — Account Position Info:
            holdingPosition
iuid                       
US_10_AGG               5.0
US_10_ASHR              9.0
US_10_EMB               2.0
US_10_GLD               1.0
US_10_HYG               3.0
US_10_INDA              3.0
US_10_JPST             13.0
US_10_QQQ               1.0
US_10_SCHF             20.0
US_10_VB                2.0
US_10_VTI               6.0
US_10_VTIP              3.0
US_10_VWO               6.0
US_10_VXX              12.0
US_10_XLE               2.0
2019-10-30 02:54:51,153 — TAA — INFO — hedging_live.py:80 — Hedging Info:
futures_level    16.0333
entry            15.8523
exit             20.6965
status           HEDGING
action              NONE
2019-10-30 02:54:51,154 — TAA — INFO — hedging_live.py:83 — No trading signal.
2019-10-30 03:25:01,115 — TAA — INFO — taa_base.py:77 — Current Cash: 73.76 USD
2019-10-30 03:25:01,115 — TAA — INFO — taa_base.py:78 — Portfolio Value: 5130.93 USD
2019-10-30 03:25:01,118 — TAA — INFO — taa_base.py:79 — Account Position Info:
            holdingPosition
iuid                       
US_10_AGG               5.0
US_10_ASHR              9.0
US_10_EMB               2.0
US_10_GLD               1.0
US_10_HYG               3.0
US_10_INDA              3.0
US_10_JPST             13.0
US_10_QQQ               1.0
US_10_SCHF             20.0
US_10_VB                2.0
US_10_VTI               6.0
US_10_VTIP              3.0
US_10_VWO               6.0
US_10_VXX              12.0
US_10_XLE               2.0
2019-10-30 03:25:02,320 — TAA — INFO — hedging_live.py:80 — Hedging Info:
futures_level         16
entry            15.8523
exit             20.6965
status           HEDGING
action              NONE
2019-10-30 03:25:02,320 — TAA — INFO — hedging_live.py:83 — No trading signal.
2019-10-30 03:55:12,267 — TAA — INFO — taa_base.py:77 — Current Cash: 73.76 USD
2019-10-30 03:55:12,267 — TAA — INFO — taa_base.py:78 — Portfolio Value: 5128.91 USD
2019-10-30 03:55:12,271 — TAA — INFO — taa_base.py:79 — Account Position Info:
            holdingPosition
iuid                       
US_10_AGG               5.0
US_10_ASHR              9.0
US_10_EMB               2.0
US_10_GLD               1.0
US_10_HYG               3.0
US_10_INDA              3.0
US_10_JPST             13.0
US_10_QQQ               1.0
US_10_SCHF             20.0
US_10_VB                2.0
US_10_VTI               6.0
US_10_VTIP              3.0
US_10_VWO               6.0
US_10_VXX              12.0
US_10_XLE               2.0
2019-10-30 03:55:13,425 — TAA — INFO — hedging_live.py:80 — Hedging Info:
futures_level      16.02
entry            15.8523
exit             20.6965
status           HEDGING
action              NONE
2019-10-30 03:55:13,426 — TAA — INFO — hedging_live.py:83 — No trading signal.
2019-10-30 04:25:13,427 — TAA — INFO — main.py:33 — Market close.
2019-10-30 05:25:13,428 — TAA — INFO — main.py:33 — Market close.
2019-10-30 06:25:13,428 — TAA — INFO — main.py:33 — Market close.
2019-10-30 07:25:13,430 — TAA — INFO — main.py:33 — Market close.
2019-10-30 08:25:13,431 — TAA — INFO — main.py:33 — Market close.
2019-10-30 09:25:13,432 — TAA — INFO — main.py:33 — Market close.
